[2018-08-02 14:07:53,310] INFO KafkaConfig values: 
	advertised.host.name = null
	advertised.listeners = null
	advertised.port = null
	authorizer.class.name = 
	auto.create.topics.enable = true
	auto.leader.rebalance.enable = true
	background.threads = 10
	broker.id = 0
	broker.id.generation.enable = true
	broker.rack = null
	compression.type = producer
	connections.max.idle.ms = 600000
	controlled.shutdown.enable = true
	controlled.shutdown.max.retries = 3
	controlled.shutdown.retry.backoff.ms = 5000
	controller.socket.timeout.ms = 30000
	default.replication.factor = 1
	delete.topic.enable = false
	fetch.purgatory.purge.interval.requests = 1000
	group.max.session.timeout.ms = 300000
	group.min.session.timeout.ms = 6000
	host.name = 
	inter.broker.protocol.version = 0.10.1-IV2
	leader.imbalance.check.interval.seconds = 300
	leader.imbalance.per.broker.percentage = 10
	listeners = null
	log.cleaner.backoff.ms = 15000
	log.cleaner.dedupe.buffer.size = 134217728
	log.cleaner.delete.retention.ms = 86400000
	log.cleaner.enable = true
	log.cleaner.io.buffer.load.factor = 0.9
	log.cleaner.io.buffer.size = 524288
	log.cleaner.io.max.bytes.per.second = 1.7976931348623157E308
	log.cleaner.min.cleanable.ratio = 0.5
	log.cleaner.min.compaction.lag.ms = 0
	log.cleaner.threads = 1
	log.cleanup.policy = [delete]
	log.dir = /tmp/kafka-logs
	log.dirs = /tmp/kafka-logs
	log.flush.interval.messages = 9223372036854775807
	log.flush.interval.ms = null
	log.flush.offset.checkpoint.interval.ms = 60000
	log.flush.scheduler.interval.ms = 9223372036854775807
	log.index.interval.bytes = 4096
	log.index.size.max.bytes = 10485760
	log.message.format.version = 0.10.1-IV2
	log.message.timestamp.difference.max.ms = 9223372036854775807
	log.message.timestamp.type = CreateTime
	log.preallocate = false
	log.retention.bytes = -1
	log.retention.check.interval.ms = 300000
	log.retention.hours = 168
	log.retention.minutes = null
	log.retention.ms = null
	log.roll.hours = 168
	log.roll.jitter.hours = 0
	log.roll.jitter.ms = null
	log.roll.ms = null
	log.segment.bytes = 1073741824
	log.segment.delete.delay.ms = 60000
	max.connections.per.ip = 2147483647
	max.connections.per.ip.overrides = 
	message.max.bytes = 1000012
	metric.reporters = []
	metrics.num.samples = 2
	metrics.sample.window.ms = 30000
	min.insync.replicas = 1
	num.io.threads = 8
	num.network.threads = 3
	num.partitions = 1
	num.recovery.threads.per.data.dir = 1
	num.replica.fetchers = 1
	offset.metadata.max.bytes = 4096
	offsets.commit.required.acks = -1
	offsets.commit.timeout.ms = 5000
	offsets.load.buffer.size = 5242880
	offsets.retention.check.interval.ms = 600000
	offsets.retention.minutes = 1440
	offsets.topic.compression.codec = 0
	offsets.topic.num.partitions = 50
	offsets.topic.replication.factor = 3
	offsets.topic.segment.bytes = 104857600
	port = 9092
	principal.builder.class = class org.apache.kafka.common.security.auth.DefaultPrincipalBuilder
	producer.purgatory.purge.interval.requests = 1000
	queued.max.requests = 500
	quota.consumer.default = 9223372036854775807
	quota.producer.default = 9223372036854775807
	quota.window.num = 11
	quota.window.size.seconds = 1
	replica.fetch.backoff.ms = 1000
	replica.fetch.max.bytes = 1048576
	replica.fetch.min.bytes = 1
	replica.fetch.response.max.bytes = 10485760
	replica.fetch.wait.max.ms = 500
	replica.high.watermark.checkpoint.interval.ms = 5000
	replica.lag.time.max.ms = 10000
	replica.socket.receive.buffer.bytes = 65536
	replica.socket.timeout.ms = 30000
	replication.quota.window.num = 11
	replication.quota.window.size.seconds = 1
	request.timeout.ms = 30000
	reserved.broker.max.id = 1000
	sasl.enabled.mechanisms = [GSSAPI]
	sasl.kerberos.kinit.cmd = /usr/bin/kinit
	sasl.kerberos.min.time.before.relogin = 60000
	sasl.kerberos.principal.to.local.rules = [DEFAULT]
	sasl.kerberos.service.name = null
	sasl.kerberos.ticket.renew.jitter = 0.05
	sasl.kerberos.ticket.renew.window.factor = 0.8
	sasl.mechanism.inter.broker.protocol = GSSAPI
	security.inter.broker.protocol = PLAINTEXT
	socket.receive.buffer.bytes = 102400
	socket.request.max.bytes = 104857600
	socket.send.buffer.bytes = 102400
	ssl.cipher.suites = null
	ssl.client.auth = none
	ssl.enabled.protocols = [TLSv1.2, TLSv1.1, TLSv1]
	ssl.endpoint.identification.algorithm = null
	ssl.key.password = null
	ssl.keymanager.algorithm = SunX509
	ssl.keystore.location = null
	ssl.keystore.password = null
	ssl.keystore.type = JKS
	ssl.protocol = TLS
	ssl.provider = null
	ssl.secure.random.implementation = null
	ssl.trustmanager.algorithm = PKIX
	ssl.truststore.location = null
	ssl.truststore.password = null
	ssl.truststore.type = JKS
	unclean.leader.election.enable = true
	zookeeper.connect = localhost:2181
	zookeeper.connection.timeout.ms = 6000
	zookeeper.session.timeout.ms = 6000
	zookeeper.set.acl = false
	zookeeper.sync.time.ms = 2000
 (kafka.server.KafkaConfig)
[2018-08-02 14:07:53,362] INFO starting (kafka.server.KafkaServer)
[2018-08-02 14:07:53,378] INFO [ThrottledRequestReaper-Fetch], Starting  (kafka.server.ClientQuotaManager$ThrottledRequestReaper)
[2018-08-02 14:07:53,380] INFO [ThrottledRequestReaper-Produce], Starting  (kafka.server.ClientQuotaManager$ThrottledRequestReaper)
[2018-08-02 14:07:53,384] INFO Connecting to zookeeper on localhost:2181 (kafka.server.KafkaServer)
[2018-08-02 14:07:53,574] INFO Cluster ID = nUYpSdVCQzWCaUu12-3sOg (kafka.server.KafkaServer)
[2018-08-02 14:07:53,602] INFO Log directory '/tmp/kafka-logs' not found, creating it. (kafka.log.LogManager)
[2018-08-02 14:07:53,634] INFO Loading logs. (kafka.log.LogManager)
[2018-08-02 14:07:53,640] INFO Logs loading complete in 6 ms. (kafka.log.LogManager)
[2018-08-02 14:07:53,727] INFO Starting log cleanup with a period of 300000 ms. (kafka.log.LogManager)
[2018-08-02 14:07:53,730] INFO Starting log flusher with a default period of 9223372036854775807 ms. (kafka.log.LogManager)
[2018-08-02 14:07:53,732] WARN No meta.properties file under dir /tmp/kafka-logs/meta.properties (kafka.server.BrokerMetadataCheckpoint)
[2018-08-02 14:07:53,772] INFO Awaiting socket connections on 0.0.0.0:9092. (kafka.network.Acceptor)
[2018-08-02 14:07:53,775] INFO [Socket Server on Broker 0], Started 1 acceptor threads (kafka.network.SocketServer)
[2018-08-02 14:07:53,798] INFO [ExpirationReaper-0], Starting  (kafka.server.DelayedOperationPurgatory$ExpiredOperationReaper)
[2018-08-02 14:07:53,799] INFO [ExpirationReaper-0], Starting  (kafka.server.DelayedOperationPurgatory$ExpiredOperationReaper)
[2018-08-02 14:07:53,836] INFO Creating /controller (is it secure? false) (kafka.utils.ZKCheckedEphemeral)
[2018-08-02 14:07:53,842] INFO Result of znode creation is: OK (kafka.utils.ZKCheckedEphemeral)
[2018-08-02 14:07:53,843] INFO 0 successfully elected as leader (kafka.server.ZookeeperLeaderElector)
[2018-08-02 14:07:53,903] INFO [ExpirationReaper-0], Starting  (kafka.server.DelayedOperationPurgatory$ExpiredOperationReaper)
[2018-08-02 14:07:53,909] INFO [ExpirationReaper-0], Starting  (kafka.server.DelayedOperationPurgatory$ExpiredOperationReaper)
[2018-08-02 14:07:53,911] INFO [ExpirationReaper-0], Starting  (kafka.server.DelayedOperationPurgatory$ExpiredOperationReaper)
[2018-08-02 14:07:53,935] INFO [GroupCoordinator 0]: Starting up. (kafka.coordinator.GroupCoordinator)
[2018-08-02 14:07:53,936] INFO [GroupCoordinator 0]: Startup complete. (kafka.coordinator.GroupCoordinator)
[2018-08-02 14:07:53,937] INFO [Group Metadata Manager on Broker 0]: Removed 0 expired offsets in 1 milliseconds. (kafka.coordinator.GroupMetadataManager)
[2018-08-02 14:07:53,971] INFO New leader is 0 (kafka.server.ZookeeperLeaderElector$LeaderChangeListener)
[2018-08-02 14:07:53,980] INFO Will not load MX4J, mx4j-tools.jar is not in the classpath (kafka.utils.Mx4jLoader$)
[2018-08-02 14:07:54,004] INFO Creating /brokers/ids/0 (is it secure? false) (kafka.utils.ZKCheckedEphemeral)
[2018-08-02 14:07:54,007] INFO Result of znode creation is: OK (kafka.utils.ZKCheckedEphemeral)
[2018-08-02 14:07:54,009] INFO Registered broker 0 at path /brokers/ids/0 with addresses: PLAINTEXT -> EndPoint(mz-pned062.sigma.sbrf.ru,9092,PLAINTEXT) (kafka.utils.ZkUtils)
[2018-08-02 14:07:54,010] WARN No meta.properties file under dir /tmp/kafka-logs/meta.properties (kafka.server.BrokerMetadataCheckpoint)
[2018-08-02 14:07:54,042] INFO [Kafka Server 0], started (kafka.server.KafkaServer)
[2018-08-02 14:08:55,151] INFO [ReplicaFetcherManager on broker 0] Removed fetcher for partitions mytopic-0 (kafka.server.ReplicaFetcherManager)
[2018-08-02 14:08:55,202] INFO Completed load of log mytopic-0 with 1 log segments and log end offset 0 in 34 ms (kafka.log.Log)
[2018-08-02 14:08:55,204] INFO Created log for partition [mytopic,0] in /tmp/kafka-logs with properties {compression.type -> producer, message.format.version -> 0.10.1-IV2, file.delete.delay.ms -> 60000, max.message.bytes -> 1000012, min.compaction.lag.ms -> 0, message.timestamp.type -> CreateTime, min.insync.replicas -> 1, segment.jitter.ms -> 0, preallocate -> false, min.cleanable.dirty.ratio -> 0.5, index.interval.bytes -> 4096, unclean.leader.election.enable -> true, retention.bytes -> -1, delete.retention.ms -> 86400000, cleanup.policy -> [delete], flush.ms -> 9223372036854775807, segment.ms -> 604800000, segment.bytes -> 1073741824, retention.ms -> 604800000, message.timestamp.difference.max.ms -> 9223372036854775807, segment.index.bytes -> 10485760, flush.messages -> 9223372036854775807}. (kafka.log.LogManager)
[2018-08-02 14:08:55,205] INFO Partition [mytopic,0] on broker 0: No checkpointed highwatermark is found for partition [mytopic,0] (kafka.cluster.Partition)
[2018-08-02 14:11:18,466] INFO Topic creation {"version":1,"partitions":{"45":[0],"34":[0],"12":[0],"8":[0],"19":[0],"23":[0],"4":[0],"40":[0],"15":[0],"11":[0],"9":[0],"44":[0],"33":[0],"22":[0],"26":[0],"37":[0],"13":[0],"46":[0],"24":[0],"35":[0],"16":[0],"5":[0],"10":[0],"48":[0],"21":[0],"43":[0],"32":[0],"49":[0],"6":[0],"36":[0],"1":[0],"39":[0],"17":[0],"25":[0],"14":[0],"47":[0],"31":[0],"42":[0],"0":[0],"20":[0],"27":[0],"2":[0],"38":[0],"18":[0],"30":[0],"7":[0],"29":[0],"41":[0],"3":[0],"28":[0]}} (kafka.admin.AdminUtils$)
[2018-08-02 14:11:18,482] INFO [KafkaApi-0] Auto creation of topic __consumer_offsets with 50 partitions and replication factor 1 is successful (kafka.server.KafkaApis)
[2018-08-02 14:11:18,763] INFO [ReplicaFetcherManager on broker 0] Removed fetcher for partitions __consumer_offsets-22,__consumer_offsets-30,__consumer_offsets-8,__consumer_offsets-21,__consumer_offsets-4,__consumer_offsets-27,__consumer_offsets-7,__consumer_offsets-9,__consumer_offsets-46,__consumer_offsets-25,__consumer_offsets-35,__consumer_offsets-41,__consumer_offsets-33,__consumer_offsets-23,__consumer_offsets-49,__consumer_offsets-47,__consumer_offsets-16,__consumer_offsets-28,__consumer_offsets-31,__consumer_offsets-36,__consumer_offsets-42,__consumer_offsets-3,__consumer_offsets-18,__consumer_offsets-37,__consumer_offsets-15,__consumer_offsets-24,__consumer_offsets-38,__consumer_offsets-17,__consumer_offsets-48,__consumer_offsets-19,__consumer_offsets-11,__consumer_offsets-13,__consumer_offsets-2,__consumer_offsets-43,__consumer_offsets-6,__consumer_offsets-14,__consumer_offsets-20,__consumer_offsets-0,__consumer_offsets-44,__consumer_offsets-39,__consumer_offsets-12,__consumer_offsets-45,__consumer_offsets-1,__consumer_offsets-5,__consumer_offsets-26,__consumer_offsets-29,__consumer_offsets-34,__consumer_offsets-10,__consumer_offsets-32,__consumer_offsets-40 (kafka.server.ReplicaFetcherManager)
[2018-08-02 14:11:18,775] INFO Completed load of log __consumer_offsets-0 with 1 log segments and log end offset 0 in 9 ms (kafka.log.Log)
[2018-08-02 14:11:18,777] INFO Created log for partition [__consumer_offsets,0] in /tmp/kafka-logs with properties {compression.type -> producer, message.format.version -> 0.10.1-IV2, file.delete.delay.ms -> 60000, max.message.bytes -> 1000012, min.compaction.lag.ms -> 0, message.timestamp.type -> CreateTime, min.insync.replicas -> 1, segment.jitter.ms -> 0, preallocate -> false, min.cleanable.dirty.ratio -> 0.5, index.interval.bytes -> 4096, unclean.leader.election.enable -> true, retention.bytes -> -1, delete.retention.ms -> 86400000, cleanup.policy -> compact, flush.ms -> 9223372036854775807, segment.ms -> 604800000, segment.bytes -> 104857600, retention.ms -> 604800000, message.timestamp.difference.max.ms -> 9223372036854775807, segment.index.bytes -> 10485760, flush.messages -> 9223372036854775807}. (kafka.log.LogManager)
[2018-08-02 14:11:18,778] INFO Partition [__consumer_offsets,0] on broker 0: No checkpointed highwatermark is found for partition [__consumer_offsets,0] (kafka.cluster.Partition)
[2018-08-02 14:11:18,785] INFO Completed load of log __consumer_offsets-29 with 1 log segments and log end offset 0 in 5 ms (kafka.log.Log)
[2018-08-02 14:11:18,786] INFO Created log for partition [__consumer_offsets,29] in /tmp/kafka-logs with properties {compression.type -> producer, message.format.version -> 0.10.1-IV2, file.delete.delay.ms -> 60000, max.message.bytes -> 1000012, min.compaction.lag.ms -> 0, message.timestamp.type -> CreateTime, min.insync.replicas -> 1, segment.jitter.ms -> 0, preallocate -> false, min.cleanable.dirty.ratio -> 0.5, index.interval.bytes -> 4096, unclean.leader.election.enable -> true, retention.bytes -> -1, delete.retention.ms -> 86400000, cleanup.policy -> compact, flush.ms -> 9223372036854775807, segment.ms -> 604800000, segment.bytes -> 104857600, retention.ms -> 604800000, message.timestamp.difference.max.ms -> 9223372036854775807, segment.index.bytes -> 10485760, flush.messages -> 9223372036854775807}. (kafka.log.LogManager)
[2018-08-02 14:11:18,786] INFO Partition [__consumer_offsets,29] on broker 0: No checkpointed highwatermark is found for partition [__consumer_offsets,29] (kafka.cluster.Partition)
[2018-08-02 14:11:18,789] INFO Completed load of log __consumer_offsets-48 with 1 log segments and log end offset 0 in 0 ms (kafka.log.Log)
[2018-08-02 14:11:18,790] INFO Created log for partition [__consumer_offsets,48] in /tmp/kafka-logs with properties {compression.type -> producer, message.format.version -> 0.10.1-IV2, file.delete.delay.ms -> 60000, max.message.bytes -> 1000012, min.compaction.lag.ms -> 0, message.timestamp.type -> CreateTime, min.insync.replicas -> 1, segment.jitter.ms -> 0, preallocate -> false, min.cleanable.dirty.ratio -> 0.5, index.interval.bytes -> 4096, unclean.leader.election.enable -> true, retention.bytes -> -1, delete.retention.ms -> 86400000, cleanup.policy -> compact, flush.ms -> 9223372036854775807, segment.ms -> 604800000, segment.bytes -> 104857600, retention.ms -> 604800000, message.timestamp.difference.max.ms -> 9223372036854775807, segment.index.bytes -> 10485760, flush.messages -> 9223372036854775807}. (kafka.log.LogManager)
[2018-08-02 14:11:18,790] INFO Partition [__consumer_offsets,48] on broker 0: No checkpointed highwatermark is found for partition [__consumer_offsets,48] (kafka.cluster.Partition)
[2018-08-02 14:11:18,793] INFO Completed load of log __consumer_offsets-10 with 1 log segments and log end offset 0 in 1 ms (kafka.log.Log)
[2018-08-02 14:11:18,794] INFO Created log for partition [__consumer_offsets,10] in /tmp/kafka-logs with properties {compression.type -> producer, message.format.version -> 0.10.1-IV2, file.delete.delay.ms -> 60000, max.message.bytes -> 1000012, min.compaction.lag.ms -> 0, message.timestamp.type -> CreateTime, min.insync.replicas -> 1, segment.jitter.ms -> 0, preallocate -> false, min.cleanable.dirty.ratio -> 0.5, index.interval.bytes -> 4096, unclean.leader.election.enable -> true, retention.bytes -> -1, delete.retention.ms -> 86400000, cleanup.policy -> compact, flush.ms -> 9223372036854775807, segment.ms -> 604800000, segment.bytes -> 104857600, retention.ms -> 604800000, message.timestamp.difference.max.ms -> 9223372036854775807, segment.index.bytes -> 10485760, flush.messages -> 9223372036854775807}. (kafka.log.LogManager)
[2018-08-02 14:11:18,794] INFO Partition [__consumer_offsets,10] on broker 0: No checkpointed highwatermark is found for partition [__consumer_offsets,10] (kafka.cluster.Partition)
[2018-08-02 14:11:18,797] INFO Completed load of log __consumer_offsets-45 with 1 log segments and log end offset 0 in 1 ms (kafka.log.Log)
[2018-08-02 14:11:18,798] INFO Created log for partition [__consumer_offsets,45] in /tmp/kafka-logs with properties {compression.type -> producer, message.format.version -> 0.10.1-IV2, file.delete.delay.ms -> 60000, max.message.bytes -> 1000012, min.compaction.lag.ms -> 0, message.timestamp.type -> CreateTime, min.insync.replicas -> 1, segment.jitter.ms -> 0, preallocate -> false, min.cleanable.dirty.ratio -> 0.5, index.interval.bytes -> 4096, unclean.leader.election.enable -> true, retention.bytes -> -1, delete.retention.ms -> 86400000, cleanup.policy -> compact, flush.ms -> 9223372036854775807, segment.ms -> 604800000, segment.bytes -> 104857600, retention.ms -> 604800000, message.timestamp.difference.max.ms -> 9223372036854775807, segment.index.bytes -> 10485760, flush.messages -> 9223372036854775807}. (kafka.log.LogManager)
[2018-08-02 14:11:18,798] INFO Partition [__consumer_offsets,45] on broker 0: No checkpointed highwatermark is found for partition [__consumer_offsets,45] (kafka.cluster.Partition)
[2018-08-02 14:11:18,803] INFO Completed load of log __consumer_offsets-26 with 1 log segments and log end offset 0 in 3 ms (kafka.log.Log)
[2018-08-02 14:11:18,804] INFO Created log for partition [__consumer_offsets,26] in /tmp/kafka-logs with properties {compression.type -> producer, message.format.version -> 0.10.1-IV2, file.delete.delay.ms -> 60000, max.message.bytes -> 1000012, min.compaction.lag.ms -> 0, message.timestamp.type -> CreateTime, min.insync.replicas -> 1, segment.jitter.ms -> 0, preallocate -> false, min.cleanable.dirty.ratio -> 0.5, index.interval.bytes -> 4096, unclean.leader.election.enable -> true, retention.bytes -> -1, delete.retention.ms -> 86400000, cleanup.policy -> compact, flush.ms -> 9223372036854775807, segment.ms -> 604800000, segment.bytes -> 104857600, retention.ms -> 604800000, message.timestamp.difference.max.ms -> 9223372036854775807, segment.index.bytes -> 10485760, flush.messages -> 9223372036854775807}. (kafka.log.LogManager)
[2018-08-02 14:11:18,805] INFO Partition [__consumer_offsets,26] on broker 0: No checkpointed highwatermark is found for partition [__consumer_offsets,26] (kafka.cluster.Partition)
[2018-08-02 14:11:18,808] INFO Completed load of log __consumer_offsets-7 with 1 log segments and log end offset 0 in 2 ms (kafka.log.Log)
[2018-08-02 14:11:18,808] INFO Created log for partition [__consumer_offsets,7] in /tmp/kafka-logs with properties {compression.type -> producer, message.format.version -> 0.10.1-IV2, file.delete.delay.ms -> 60000, max.message.bytes -> 1000012, min.compaction.lag.ms -> 0, message.timestamp.type -> CreateTime, min.insync.replicas -> 1, segment.jitter.ms -> 0, preallocate -> false, min.cleanable.dirty.ratio -> 0.5, index.interval.bytes -> 4096, unclean.leader.election.enable -> true, retention.bytes -> -1, delete.retention.ms -> 86400000, cleanup.policy -> compact, flush.ms -> 9223372036854775807, segment.ms -> 604800000, segment.bytes -> 104857600, retention.ms -> 604800000, message.timestamp.difference.max.ms -> 9223372036854775807, segment.index.bytes -> 10485760, flush.messages -> 9223372036854775807}. (kafka.log.LogManager)
[2018-08-02 14:11:18,809] INFO Partition [__consumer_offsets,7] on broker 0: No checkpointed highwatermark is found for partition [__consumer_offsets,7] (kafka.cluster.Partition)
[2018-08-02 14:11:18,811] INFO Completed load of log __consumer_offsets-42 with 1 log segments and log end offset 0 in 0 ms (kafka.log.Log)
[2018-08-02 14:11:18,812] INFO Created log for partition [__consumer_offsets,42] in /tmp/kafka-logs with properties {compression.type -> producer, message.format.version -> 0.10.1-IV2, file.delete.delay.ms -> 60000, max.message.bytes -> 1000012, min.compaction.lag.ms -> 0, message.timestamp.type -> CreateTime, min.insync.replicas -> 1, segment.jitter.ms -> 0, preallocate -> false, min.cleanable.dirty.ratio -> 0.5, index.interval.bytes -> 4096, unclean.leader.election.enable -> true, retention.bytes -> -1, delete.retention.ms -> 86400000, cleanup.policy -> compact, flush.ms -> 9223372036854775807, segment.ms -> 604800000, segment.bytes -> 104857600, retention.ms -> 604800000, message.timestamp.difference.max.ms -> 9223372036854775807, segment.index.bytes -> 10485760, flush.messages -> 9223372036854775807}. (kafka.log.LogManager)
[2018-08-02 14:11:18,812] INFO Partition [__consumer_offsets,42] on broker 0: No checkpointed highwatermark is found for partition [__consumer_offsets,42] (kafka.cluster.Partition)
[2018-08-02 14:11:18,815] INFO Completed load of log __consumer_offsets-4 with 1 log segments and log end offset 0 in 1 ms (kafka.log.Log)
[2018-08-02 14:11:18,816] INFO Created log for partition [__consumer_offsets,4] in /tmp/kafka-logs with properties {compression.type -> producer, message.format.version -> 0.10.1-IV2, file.delete.delay.ms -> 60000, max.message.bytes -> 1000012, min.compaction.lag.ms -> 0, message.timestamp.type -> CreateTime, min.insync.replicas -> 1, segment.jitter.ms -> 0, preallocate -> false, min.cleanable.dirty.ratio -> 0.5, index.interval.bytes -> 4096, unclean.leader.election.enable -> true, retention.bytes -> -1, delete.retention.ms -> 86400000, cleanup.policy -> compact, flush.ms -> 9223372036854775807, segment.ms -> 604800000, segment.bytes -> 104857600, retention.ms -> 604800000, message.timestamp.difference.max.ms -> 9223372036854775807, segment.index.bytes -> 10485760, flush.messages -> 9223372036854775807}. (kafka.log.LogManager)
[2018-08-02 14:11:18,816] INFO Partition [__consumer_offsets,4] on broker 0: No checkpointed highwatermark is found for partition [__consumer_offsets,4] (kafka.cluster.Partition)
[2018-08-02 14:11:18,819] INFO Completed load of log __consumer_offsets-23 with 1 log segments and log end offset 0 in 1 ms (kafka.log.Log)
[2018-08-02 14:11:18,819] INFO Created log for partition [__consumer_offsets,23] in /tmp/kafka-logs with properties {compression.type -> producer, message.format.version -> 0.10.1-IV2, file.delete.delay.ms -> 60000, max.message.bytes -> 1000012, min.compaction.lag.ms -> 0, message.timestamp.type -> CreateTime, min.insync.replicas -> 1, segment.jitter.ms -> 0, preallocate -> false, min.cleanable.dirty.ratio -> 0.5, index.interval.bytes -> 4096, unclean.leader.election.enable -> true, retention.bytes -> -1, delete.retention.ms -> 86400000, cleanup.policy -> compact, flush.ms -> 9223372036854775807, segment.ms -> 604800000, segment.bytes -> 104857600, retention.ms -> 604800000, message.timestamp.difference.max.ms -> 9223372036854775807, segment.index.bytes -> 10485760, flush.messages -> 9223372036854775807}. (kafka.log.LogManager)
[2018-08-02 14:11:18,819] INFO Partition [__consumer_offsets,23] on broker 0: No checkpointed highwatermark is found for partition [__consumer_offsets,23] (kafka.cluster.Partition)
[2018-08-02 14:11:18,823] INFO Completed load of log __consumer_offsets-1 with 1 log segments and log end offset 0 in 1 ms (kafka.log.Log)
[2018-08-02 14:11:18,823] INFO Created log for partition [__consumer_offsets,1] in /tmp/kafka-logs with properties {compression.type -> producer, message.format.version -> 0.10.1-IV2, file.delete.delay.ms -> 60000, max.message.bytes -> 1000012, min.compaction.lag.ms -> 0, message.timestamp.type -> CreateTime, min.insync.replicas -> 1, segment.jitter.ms -> 0, preallocate -> false, min.cleanable.dirty.ratio -> 0.5, index.interval.bytes -> 4096, unclean.leader.election.enable -> true, retention.bytes -> -1, delete.retention.ms -> 86400000, cleanup.policy -> compact, flush.ms -> 9223372036854775807, segment.ms -> 604800000, segment.bytes -> 104857600, retention.ms -> 604800000, message.timestamp.difference.max.ms -> 9223372036854775807, segment.index.bytes -> 10485760, flush.messages -> 9223372036854775807}. (kafka.log.LogManager)
[2018-08-02 14:11:18,824] INFO Partition [__consumer_offsets,1] on broker 0: No checkpointed highwatermark is found for partition [__consumer_offsets,1] (kafka.cluster.Partition)
[2018-08-02 14:11:18,827] INFO Completed load of log __consumer_offsets-20 with 1 log segments and log end offset 0 in 0 ms (kafka.log.Log)
[2018-08-02 14:11:18,827] INFO Created log for partition [__consumer_offsets,20] in /tmp/kafka-logs with properties {compression.type -> producer, message.format.version -> 0.10.1-IV2, file.delete.delay.ms -> 60000, max.message.bytes -> 1000012, min.compaction.lag.ms -> 0, message.timestamp.type -> CreateTime, min.insync.replicas -> 1, segment.jitter.ms -> 0, preallocate -> false, min.cleanable.dirty.ratio -> 0.5, index.interval.bytes -> 4096, unclean.leader.election.enable -> true, retention.bytes -> -1, delete.retention.ms -> 86400000, cleanup.policy -> compact, flush.ms -> 9223372036854775807, segment.ms -> 604800000, segment.bytes -> 104857600, retention.ms -> 604800000, message.timestamp.difference.max.ms -> 9223372036854775807, segment.index.bytes -> 10485760, flush.messages -> 9223372036854775807}. (kafka.log.LogManager)
[2018-08-02 14:11:18,827] INFO Partition [__consumer_offsets,20] on broker 0: No checkpointed highwatermark is found for partition [__consumer_offsets,20] (kafka.cluster.Partition)
[2018-08-02 14:11:18,830] INFO Completed load of log __consumer_offsets-39 with 1 log segments and log end offset 0 in 0 ms (kafka.log.Log)
[2018-08-02 14:11:18,831] INFO Created log for partition [__consumer_offsets,39] in /tmp/kafka-logs with properties {compression.type -> producer, message.format.version -> 0.10.1-IV2, file.delete.delay.ms -> 60000, max.message.bytes -> 1000012, min.compaction.lag.ms -> 0, message.timestamp.type -> CreateTime, min.insync.replicas -> 1, segment.jitter.ms -> 0, preallocate -> false, min.cleanable.dirty.ratio -> 0.5, index.interval.bytes -> 4096, unclean.leader.election.enable -> true, retention.bytes -> -1, delete.retention.ms -> 86400000, cleanup.policy -> compact, flush.ms -> 9223372036854775807, segment.ms -> 604800000, segment.bytes -> 104857600, retention.ms -> 604800000, message.timestamp.difference.max.ms -> 9223372036854775807, segment.index.bytes -> 10485760, flush.messages -> 9223372036854775807}. (kafka.log.LogManager)
[2018-08-02 14:11:18,831] INFO Partition [__consumer_offsets,39] on broker 0: No checkpointed highwatermark is found for partition [__consumer_offsets,39] (kafka.cluster.Partition)
[2018-08-02 14:11:18,835] INFO Completed load of log __consumer_offsets-17 with 1 log segments and log end offset 0 in 2 ms (kafka.log.Log)
[2018-08-02 14:11:18,836] INFO Created log for partition [__consumer_offsets,17] in /tmp/kafka-logs with properties {compression.type -> producer, message.format.version -> 0.10.1-IV2, file.delete.delay.ms -> 60000, max.message.bytes -> 1000012, min.compaction.lag.ms -> 0, message.timestamp.type -> CreateTime, min.insync.replicas -> 1, segment.jitter.ms -> 0, preallocate -> false, min.cleanable.dirty.ratio -> 0.5, index.interval.bytes -> 4096, unclean.leader.election.enable -> true, retention.bytes -> -1, delete.retention.ms -> 86400000, cleanup.policy -> compact, flush.ms -> 9223372036854775807, segment.ms -> 604800000, segment.bytes -> 104857600, retention.ms -> 604800000, message.timestamp.difference.max.ms -> 9223372036854775807, segment.index.bytes -> 10485760, flush.messages -> 9223372036854775807}. (kafka.log.LogManager)
[2018-08-02 14:11:18,836] INFO Partition [__consumer_offsets,17] on broker 0: No checkpointed highwatermark is found for partition [__consumer_offsets,17] (kafka.cluster.Partition)
[2018-08-02 14:11:18,839] INFO Completed load of log __consumer_offsets-36 with 1 log segments and log end offset 0 in 1 ms (kafka.log.Log)
[2018-08-02 14:11:18,840] INFO Created log for partition [__consumer_offsets,36] in /tmp/kafka-logs with properties {compression.type -> producer, message.format.version -> 0.10.1-IV2, file.delete.delay.ms -> 60000, max.message.bytes -> 1000012, min.compaction.lag.ms -> 0, message.timestamp.type -> CreateTime, min.insync.replicas -> 1, segment.jitter.ms -> 0, preallocate -> false, min.cleanable.dirty.ratio -> 0.5, index.interval.bytes -> 4096, unclean.leader.election.enable -> true, retention.bytes -> -1, delete.retention.ms -> 86400000, cleanup.policy -> compact, flush.ms -> 9223372036854775807, segment.ms -> 604800000, segment.bytes -> 104857600, retention.ms -> 604800000, message.timestamp.difference.max.ms -> 9223372036854775807, segment.index.bytes -> 10485760, flush.messages -> 9223372036854775807}. (kafka.log.LogManager)
[2018-08-02 14:11:18,840] INFO Partition [__consumer_offsets,36] on broker 0: No checkpointed highwatermark is found for partition [__consumer_offsets,36] (kafka.cluster.Partition)
[2018-08-02 14:11:18,843] INFO Completed load of log __consumer_offsets-14 with 1 log segments and log end offset 0 in 1 ms (kafka.log.Log)
[2018-08-02 14:11:18,843] INFO Created log for partition [__consumer_offsets,14] in /tmp/kafka-logs with properties {compression.type -> producer, message.format.version -> 0.10.1-IV2, file.delete.delay.ms -> 60000, max.message.bytes -> 1000012, min.compaction.lag.ms -> 0, message.timestamp.type -> CreateTime, min.insync.replicas -> 1, segment.jitter.ms -> 0, preallocate -> false, min.cleanable.dirty.ratio -> 0.5, index.interval.bytes -> 4096, unclean.leader.election.enable -> true, retention.bytes -> -1, delete.retention.ms -> 86400000, cleanup.policy -> compact, flush.ms -> 9223372036854775807, segment.ms -> 604800000, segment.bytes -> 104857600, retention.ms -> 604800000, message.timestamp.difference.max.ms -> 9223372036854775807, segment.index.bytes -> 10485760, flush.messages -> 9223372036854775807}. (kafka.log.LogManager)
[2018-08-02 14:11:18,844] INFO Partition [__consumer_offsets,14] on broker 0: No checkpointed highwatermark is found for partition [__consumer_offsets,14] (kafka.cluster.Partition)
[2018-08-02 14:11:18,847] INFO Completed load of log __consumer_offsets-33 with 1 log segments and log end offset 0 in 1 ms (kafka.log.Log)
[2018-08-02 14:11:18,847] INFO Created log for partition [__consumer_offsets,33] in /tmp/kafka-logs with properties {compression.type -> producer, message.format.version -> 0.10.1-IV2, file.delete.delay.ms -> 60000, max.message.bytes -> 1000012, min.compaction.lag.ms -> 0, message.timestamp.type -> CreateTime, min.insync.replicas -> 1, segment.jitter.ms -> 0, preallocate -> false, min.cleanable.dirty.ratio -> 0.5, index.interval.bytes -> 4096, unclean.leader.election.enable -> true, retention.bytes -> -1, delete.retention.ms -> 86400000, cleanup.policy -> compact, flush.ms -> 9223372036854775807, segment.ms -> 604800000, segment.bytes -> 104857600, retention.ms -> 604800000, message.timestamp.difference.max.ms -> 9223372036854775807, segment.index.bytes -> 10485760, flush.messages -> 9223372036854775807}. (kafka.log.LogManager)
[2018-08-02 14:11:18,848] INFO Partition [__consumer_offsets,33] on broker 0: No checkpointed highwatermark is found for partition [__consumer_offsets,33] (kafka.cluster.Partition)
[2018-08-02 14:11:18,851] INFO Completed load of log __consumer_offsets-49 with 1 log segments and log end offset 0 in 1 ms (kafka.log.Log)
[2018-08-02 14:11:18,851] INFO Created log for partition [__consumer_offsets,49] in /tmp/kafka-logs with properties {compression.type -> producer, message.format.version -> 0.10.1-IV2, file.delete.delay.ms -> 60000, max.message.bytes -> 1000012, min.compaction.lag.ms -> 0, message.timestamp.type -> CreateTime, min.insync.replicas -> 1, segment.jitter.ms -> 0, preallocate -> false, min.cleanable.dirty.ratio -> 0.5, index.interval.bytes -> 4096, unclean.leader.election.enable -> true, retention.bytes -> -1, delete.retention.ms -> 86400000, cleanup.policy -> compact, flush.ms -> 9223372036854775807, segment.ms -> 604800000, segment.bytes -> 104857600, retention.ms -> 604800000, message.timestamp.difference.max.ms -> 9223372036854775807, segment.index.bytes -> 10485760, flush.messages -> 9223372036854775807}. (kafka.log.LogManager)
[2018-08-02 14:11:18,851] INFO Partition [__consumer_offsets,49] on broker 0: No checkpointed highwatermark is found for partition [__consumer_offsets,49] (kafka.cluster.Partition)
[2018-08-02 14:11:18,855] INFO Completed load of log __consumer_offsets-11 with 1 log segments and log end offset 0 in 1 ms (kafka.log.Log)
[2018-08-02 14:11:18,860] INFO Created log for partition [__consumer_offsets,11] in /tmp/kafka-logs with properties {compression.type -> producer, message.format.version -> 0.10.1-IV2, file.delete.delay.ms -> 60000, max.message.bytes -> 1000012, min.compaction.lag.ms -> 0, message.timestamp.type -> CreateTime, min.insync.replicas -> 1, segment.jitter.ms -> 0, preallocate -> false, min.cleanable.dirty.ratio -> 0.5, index.interval.bytes -> 4096, unclean.leader.election.enable -> true, retention.bytes -> -1, delete.retention.ms -> 86400000, cleanup.policy -> compact, flush.ms -> 9223372036854775807, segment.ms -> 604800000, segment.bytes -> 104857600, retention.ms -> 604800000, message.timestamp.difference.max.ms -> 9223372036854775807, segment.index.bytes -> 10485760, flush.messages -> 9223372036854775807}. (kafka.log.LogManager)
[2018-08-02 14:11:18,860] INFO Partition [__consumer_offsets,11] on broker 0: No checkpointed highwatermark is found for partition [__consumer_offsets,11] (kafka.cluster.Partition)
[2018-08-02 14:11:18,863] INFO Completed load of log __consumer_offsets-30 with 1 log segments and log end offset 0 in 1 ms (kafka.log.Log)
[2018-08-02 14:11:18,864] INFO Created log for partition [__consumer_offsets,30] in /tmp/kafka-logs with properties {compression.type -> producer, message.format.version -> 0.10.1-IV2, file.delete.delay.ms -> 60000, max.message.bytes -> 1000012, min.compaction.lag.ms -> 0, message.timestamp.type -> CreateTime, min.insync.replicas -> 1, segment.jitter.ms -> 0, preallocate -> false, min.cleanable.dirty.ratio -> 0.5, index.interval.bytes -> 4096, unclean.leader.election.enable -> true, retention.bytes -> -1, delete.retention.ms -> 86400000, cleanup.policy -> compact, flush.ms -> 9223372036854775807, segment.ms -> 604800000, segment.bytes -> 104857600, retention.ms -> 604800000, message.timestamp.difference.max.ms -> 9223372036854775807, segment.index.bytes -> 10485760, flush.messages -> 9223372036854775807}. (kafka.log.LogManager)
[2018-08-02 14:11:18,864] INFO Partition [__consumer_offsets,30] on broker 0: No checkpointed highwatermark is found for partition [__consumer_offsets,30] (kafka.cluster.Partition)
[2018-08-02 14:11:18,867] INFO Completed load of log __consumer_offsets-46 with 1 log segments and log end offset 0 in 1 ms (kafka.log.Log)
[2018-08-02 14:11:18,867] INFO Created log for partition [__consumer_offsets,46] in /tmp/kafka-logs with properties {compression.type -> producer, message.format.version -> 0.10.1-IV2, file.delete.delay.ms -> 60000, max.message.bytes -> 1000012, min.compaction.lag.ms -> 0, message.timestamp.type -> CreateTime, min.insync.replicas -> 1, segment.jitter.ms -> 0, preallocate -> false, min.cleanable.dirty.ratio -> 0.5, index.interval.bytes -> 4096, unclean.leader.election.enable -> true, retention.bytes -> -1, delete.retention.ms -> 86400000, cleanup.policy -> compact, flush.ms -> 9223372036854775807, segment.ms -> 604800000, segment.bytes -> 104857600, retention.ms -> 604800000, message.timestamp.difference.max.ms -> 9223372036854775807, segment.index.bytes -> 10485760, flush.messages -> 9223372036854775807}. (kafka.log.LogManager)
[2018-08-02 14:11:18,868] INFO Partition [__consumer_offsets,46] on broker 0: No checkpointed highwatermark is found for partition [__consumer_offsets,46] (kafka.cluster.Partition)
[2018-08-02 14:11:18,870] INFO Completed load of log __consumer_offsets-27 with 1 log segments and log end offset 0 in 1 ms (kafka.log.Log)
[2018-08-02 14:11:18,871] INFO Created log for partition [__consumer_offsets,27] in /tmp/kafka-logs with properties {compression.type -> producer, message.format.version -> 0.10.1-IV2, file.delete.delay.ms -> 60000, max.message.bytes -> 1000012, min.compaction.lag.ms -> 0, message.timestamp.type -> CreateTime, min.insync.replicas -> 1, segment.jitter.ms -> 0, preallocate -> false, min.cleanable.dirty.ratio -> 0.5, index.interval.bytes -> 4096, unclean.leader.election.enable -> true, retention.bytes -> -1, delete.retention.ms -> 86400000, cleanup.policy -> compact, flush.ms -> 9223372036854775807, segment.ms -> 604800000, segment.bytes -> 104857600, retention.ms -> 604800000, message.timestamp.difference.max.ms -> 9223372036854775807, segment.index.bytes -> 10485760, flush.messages -> 9223372036854775807}. (kafka.log.LogManager)
[2018-08-02 14:11:18,871] INFO Partition [__consumer_offsets,27] on broker 0: No checkpointed highwatermark is found for partition [__consumer_offsets,27] (kafka.cluster.Partition)
[2018-08-02 14:11:18,874] INFO Completed load of log __consumer_offsets-8 with 1 log segments and log end offset 0 in 1 ms (kafka.log.Log)
[2018-08-02 14:11:18,875] INFO Created log for partition [__consumer_offsets,8] in /tmp/kafka-logs with properties {compression.type -> producer, message.format.version -> 0.10.1-IV2, file.delete.delay.ms -> 60000, max.message.bytes -> 1000012, min.compaction.lag.ms -> 0, message.timestamp.type -> CreateTime, min.insync.replicas -> 1, segment.jitter.ms -> 0, preallocate -> false, min.cleanable.dirty.ratio -> 0.5, index.interval.bytes -> 4096, unclean.leader.election.enable -> true, retention.bytes -> -1, delete.retention.ms -> 86400000, cleanup.policy -> compact, flush.ms -> 9223372036854775807, segment.ms -> 604800000, segment.bytes -> 104857600, retention.ms -> 604800000, message.timestamp.difference.max.ms -> 9223372036854775807, segment.index.bytes -> 10485760, flush.messages -> 9223372036854775807}. (kafka.log.LogManager)
[2018-08-02 14:11:18,875] INFO Partition [__consumer_offsets,8] on broker 0: No checkpointed highwatermark is found for partition [__consumer_offsets,8] (kafka.cluster.Partition)
[2018-08-02 14:11:18,878] INFO Completed load of log __consumer_offsets-24 with 1 log segments and log end offset 0 in 0 ms (kafka.log.Log)
[2018-08-02 14:11:18,878] INFO Created log for partition [__consumer_offsets,24] in /tmp/kafka-logs with properties {compression.type -> producer, message.format.version -> 0.10.1-IV2, file.delete.delay.ms -> 60000, max.message.bytes -> 1000012, min.compaction.lag.ms -> 0, message.timestamp.type -> CreateTime, min.insync.replicas -> 1, segment.jitter.ms -> 0, preallocate -> false, min.cleanable.dirty.ratio -> 0.5, index.interval.bytes -> 4096, unclean.leader.election.enable -> true, retention.bytes -> -1, delete.retention.ms -> 86400000, cleanup.policy -> compact, flush.ms -> 9223372036854775807, segment.ms -> 604800000, segment.bytes -> 104857600, retention.ms -> 604800000, message.timestamp.difference.max.ms -> 9223372036854775807, segment.index.bytes -> 10485760, flush.messages -> 9223372036854775807}. (kafka.log.LogManager)
[2018-08-02 14:11:18,878] INFO Partition [__consumer_offsets,24] on broker 0: No checkpointed highwatermark is found for partition [__consumer_offsets,24] (kafka.cluster.Partition)
[2018-08-02 14:11:18,881] INFO Completed load of log __consumer_offsets-43 with 1 log segments and log end offset 0 in 1 ms (kafka.log.Log)
[2018-08-02 14:11:18,882] INFO Created log for partition [__consumer_offsets,43] in /tmp/kafka-logs with properties {compression.type -> producer, message.format.version -> 0.10.1-IV2, file.delete.delay.ms -> 60000, max.message.bytes -> 1000012, min.compaction.lag.ms -> 0, message.timestamp.type -> CreateTime, min.insync.replicas -> 1, segment.jitter.ms -> 0, preallocate -> false, min.cleanable.dirty.ratio -> 0.5, index.interval.bytes -> 4096, unclean.leader.election.enable -> true, retention.bytes -> -1, delete.retention.ms -> 86400000, cleanup.policy -> compact, flush.ms -> 9223372036854775807, segment.ms -> 604800000, segment.bytes -> 104857600, retention.ms -> 604800000, message.timestamp.difference.max.ms -> 9223372036854775807, segment.index.bytes -> 10485760, flush.messages -> 9223372036854775807}. (kafka.log.LogManager)
[2018-08-02 14:11:18,882] INFO Partition [__consumer_offsets,43] on broker 0: No checkpointed highwatermark is found for partition [__consumer_offsets,43] (kafka.cluster.Partition)
[2018-08-02 14:11:18,885] INFO Completed load of log __consumer_offsets-5 with 1 log segments and log end offset 0 in 1 ms (kafka.log.Log)
[2018-08-02 14:11:18,885] INFO Created log for partition [__consumer_offsets,5] in /tmp/kafka-logs with properties {compression.type -> producer, message.format.version -> 0.10.1-IV2, file.delete.delay.ms -> 60000, max.message.bytes -> 1000012, min.compaction.lag.ms -> 0, message.timestamp.type -> CreateTime, min.insync.replicas -> 1, segment.jitter.ms -> 0, preallocate -> false, min.cleanable.dirty.ratio -> 0.5, index.interval.bytes -> 4096, unclean.leader.election.enable -> true, retention.bytes -> -1, delete.retention.ms -> 86400000, cleanup.policy -> compact, flush.ms -> 9223372036854775807, segment.ms -> 604800000, segment.bytes -> 104857600, retention.ms -> 604800000, message.timestamp.difference.max.ms -> 9223372036854775807, segment.index.bytes -> 10485760, flush.messages -> 9223372036854775807}. (kafka.log.LogManager)
[2018-08-02 14:11:18,886] INFO Partition [__consumer_offsets,5] on broker 0: No checkpointed highwatermark is found for partition [__consumer_offsets,5] (kafka.cluster.Partition)
[2018-08-02 14:11:18,888] INFO Completed load of log __consumer_offsets-21 with 1 log segments and log end offset 0 in 1 ms (kafka.log.Log)
[2018-08-02 14:11:18,889] INFO Created log for partition [__consumer_offsets,21] in /tmp/kafka-logs with properties {compression.type -> producer, message.format.version -> 0.10.1-IV2, file.delete.delay.ms -> 60000, max.message.bytes -> 1000012, min.compaction.lag.ms -> 0, message.timestamp.type -> CreateTime, min.insync.replicas -> 1, segment.jitter.ms -> 0, preallocate -> false, min.cleanable.dirty.ratio -> 0.5, index.interval.bytes -> 4096, unclean.leader.election.enable -> true, retention.bytes -> -1, delete.retention.ms -> 86400000, cleanup.policy -> compact, flush.ms -> 9223372036854775807, segment.ms -> 604800000, segment.bytes -> 104857600, retention.ms -> 604800000, message.timestamp.difference.max.ms -> 9223372036854775807, segment.index.bytes -> 10485760, flush.messages -> 9223372036854775807}. (kafka.log.LogManager)
[2018-08-02 14:11:18,889] INFO Partition [__consumer_offsets,21] on broker 0: No checkpointed highwatermark is found for partition [__consumer_offsets,21] (kafka.cluster.Partition)
[2018-08-02 14:11:18,891] INFO Completed load of log __consumer_offsets-2 with 1 log segments and log end offset 0 in 0 ms (kafka.log.Log)
[2018-08-02 14:11:18,892] INFO Created log for partition [__consumer_offsets,2] in /tmp/kafka-logs with properties {compression.type -> producer, message.format.version -> 0.10.1-IV2, file.delete.delay.ms -> 60000, max.message.bytes -> 1000012, min.compaction.lag.ms -> 0, message.timestamp.type -> CreateTime, min.insync.replicas -> 1, segment.jitter.ms -> 0, preallocate -> false, min.cleanable.dirty.ratio -> 0.5, index.interval.bytes -> 4096, unclean.leader.election.enable -> true, retention.bytes -> -1, delete.retention.ms -> 86400000, cleanup.policy -> compact, flush.ms -> 9223372036854775807, segment.ms -> 604800000, segment.bytes -> 104857600, retention.ms -> 604800000, message.timestamp.difference.max.ms -> 9223372036854775807, segment.index.bytes -> 10485760, flush.messages -> 9223372036854775807}. (kafka.log.LogManager)
[2018-08-02 14:11:18,892] INFO Partition [__consumer_offsets,2] on broker 0: No checkpointed highwatermark is found for partition [__consumer_offsets,2] (kafka.cluster.Partition)
[2018-08-02 14:11:18,895] INFO Completed load of log __consumer_offsets-40 with 1 log segments and log end offset 0 in 1 ms (kafka.log.Log)
[2018-08-02 14:11:18,895] INFO Created log for partition [__consumer_offsets,40] in /tmp/kafka-logs with properties {compression.type -> producer, message.format.version -> 0.10.1-IV2, file.delete.delay.ms -> 60000, max.message.bytes -> 1000012, min.compaction.lag.ms -> 0, message.timestamp.type -> CreateTime, min.insync.replicas -> 1, segment.jitter.ms -> 0, preallocate -> false, min.cleanable.dirty.ratio -> 0.5, index.interval.bytes -> 4096, unclean.leader.election.enable -> true, retention.bytes -> -1, delete.retention.ms -> 86400000, cleanup.policy -> compact, flush.ms -> 9223372036854775807, segment.ms -> 604800000, segment.bytes -> 104857600, retention.ms -> 604800000, message.timestamp.difference.max.ms -> 9223372036854775807, segment.index.bytes -> 10485760, flush.messages -> 9223372036854775807}. (kafka.log.LogManager)
[2018-08-02 14:11:18,896] INFO Partition [__consumer_offsets,40] on broker 0: No checkpointed highwatermark is found for partition [__consumer_offsets,40] (kafka.cluster.Partition)
[2018-08-02 14:11:18,899] INFO Completed load of log __consumer_offsets-37 with 1 log segments and log end offset 0 in 1 ms (kafka.log.Log)
[2018-08-02 14:11:18,899] INFO Created log for partition [__consumer_offsets,37] in /tmp/kafka-logs with properties {compression.type -> producer, message.format.version -> 0.10.1-IV2, file.delete.delay.ms -> 60000, max.message.bytes -> 1000012, min.compaction.lag.ms -> 0, message.timestamp.type -> CreateTime, min.insync.replicas -> 1, segment.jitter.ms -> 0, preallocate -> false, min.cleanable.dirty.ratio -> 0.5, index.interval.bytes -> 4096, unclean.leader.election.enable -> true, retention.bytes -> -1, delete.retention.ms -> 86400000, cleanup.policy -> compact, flush.ms -> 9223372036854775807, segment.ms -> 604800000, segment.bytes -> 104857600, retention.ms -> 604800000, message.timestamp.difference.max.ms -> 9223372036854775807, segment.index.bytes -> 10485760, flush.messages -> 9223372036854775807}. (kafka.log.LogManager)
[2018-08-02 14:11:18,899] INFO Partition [__consumer_offsets,37] on broker 0: No checkpointed highwatermark is found for partition [__consumer_offsets,37] (kafka.cluster.Partition)
[2018-08-02 14:11:18,902] INFO Completed load of log __consumer_offsets-18 with 1 log segments and log end offset 0 in 1 ms (kafka.log.Log)
[2018-08-02 14:11:18,903] INFO Created log for partition [__consumer_offsets,18] in /tmp/kafka-logs with properties {compression.type -> producer, message.format.version -> 0.10.1-IV2, file.delete.delay.ms -> 60000, max.message.bytes -> 1000012, min.compaction.lag.ms -> 0, message.timestamp.type -> CreateTime, min.insync.replicas -> 1, segment.jitter.ms -> 0, preallocate -> false, min.cleanable.dirty.ratio -> 0.5, index.interval.bytes -> 4096, unclean.leader.election.enable -> true, retention.bytes -> -1, delete.retention.ms -> 86400000, cleanup.policy -> compact, flush.ms -> 9223372036854775807, segment.ms -> 604800000, segment.bytes -> 104857600, retention.ms -> 604800000, message.timestamp.difference.max.ms -> 9223372036854775807, segment.index.bytes -> 10485760, flush.messages -> 9223372036854775807}. (kafka.log.LogManager)
[2018-08-02 14:11:18,903] INFO Partition [__consumer_offsets,18] on broker 0: No checkpointed highwatermark is found for partition [__consumer_offsets,18] (kafka.cluster.Partition)
[2018-08-02 14:11:18,906] INFO Completed load of log __consumer_offsets-34 with 1 log segments and log end offset 0 in 1 ms (kafka.log.Log)
[2018-08-02 14:11:18,907] INFO Created log for partition [__consumer_offsets,34] in /tmp/kafka-logs with properties {compression.type -> producer, message.format.version -> 0.10.1-IV2, file.delete.delay.ms -> 60000, max.message.bytes -> 1000012, min.compaction.lag.ms -> 0, message.timestamp.type -> CreateTime, min.insync.replicas -> 1, segment.jitter.ms -> 0, preallocate -> false, min.cleanable.dirty.ratio -> 0.5, index.interval.bytes -> 4096, unclean.leader.election.enable -> true, retention.bytes -> -1, delete.retention.ms -> 86400000, cleanup.policy -> compact, flush.ms -> 9223372036854775807, segment.ms -> 604800000, segment.bytes -> 104857600, retention.ms -> 604800000, message.timestamp.difference.max.ms -> 9223372036854775807, segment.index.bytes -> 10485760, flush.messages -> 9223372036854775807}. (kafka.log.LogManager)
[2018-08-02 14:11:18,908] INFO Partition [__consumer_offsets,34] on broker 0: No checkpointed highwatermark is found for partition [__consumer_offsets,34] (kafka.cluster.Partition)
[2018-08-02 14:11:18,910] INFO Completed load of log __consumer_offsets-15 with 1 log segments and log end offset 0 in 1 ms (kafka.log.Log)
[2018-08-02 14:11:18,911] INFO Created log for partition [__consumer_offsets,15] in /tmp/kafka-logs with properties {compression.type -> producer, message.format.version -> 0.10.1-IV2, file.delete.delay.ms -> 60000, max.message.bytes -> 1000012, min.compaction.lag.ms -> 0, message.timestamp.type -> CreateTime, min.insync.replicas -> 1, segment.jitter.ms -> 0, preallocate -> false, min.cleanable.dirty.ratio -> 0.5, index.interval.bytes -> 4096, unclean.leader.election.enable -> true, retention.bytes -> -1, delete.retention.ms -> 86400000, cleanup.policy -> compact, flush.ms -> 9223372036854775807, segment.ms -> 604800000, segment.bytes -> 104857600, retention.ms -> 604800000, message.timestamp.difference.max.ms -> 9223372036854775807, segment.index.bytes -> 10485760, flush.messages -> 9223372036854775807}. (kafka.log.LogManager)
[2018-08-02 14:11:18,911] INFO Partition [__consumer_offsets,15] on broker 0: No checkpointed highwatermark is found for partition [__consumer_offsets,15] (kafka.cluster.Partition)
[2018-08-02 14:11:18,913] INFO Completed load of log __consumer_offsets-12 with 1 log segments and log end offset 0 in 0 ms (kafka.log.Log)
[2018-08-02 14:11:18,914] INFO Created log for partition [__consumer_offsets,12] in /tmp/kafka-logs with properties {compression.type -> producer, message.format.version -> 0.10.1-IV2, file.delete.delay.ms -> 60000, max.message.bytes -> 1000012, min.compaction.lag.ms -> 0, message.timestamp.type -> CreateTime, min.insync.replicas -> 1, segment.jitter.ms -> 0, preallocate -> false, min.cleanable.dirty.ratio -> 0.5, index.interval.bytes -> 4096, unclean.leader.election.enable -> true, retention.bytes -> -1, delete.retention.ms -> 86400000, cleanup.policy -> compact, flush.ms -> 9223372036854775807, segment.ms -> 604800000, segment.bytes -> 104857600, retention.ms -> 604800000, message.timestamp.difference.max.ms -> 9223372036854775807, segment.index.bytes -> 10485760, flush.messages -> 9223372036854775807}. (kafka.log.LogManager)
[2018-08-02 14:11:18,914] INFO Partition [__consumer_offsets,12] on broker 0: No checkpointed highwatermark is found for partition [__consumer_offsets,12] (kafka.cluster.Partition)
[2018-08-02 14:11:18,917] INFO Completed load of log __consumer_offsets-31 with 1 log segments and log end offset 0 in 1 ms (kafka.log.Log)
[2018-08-02 14:11:18,918] INFO Created log for partition [__consumer_offsets,31] in /tmp/kafka-logs with properties {compression.type -> producer, message.format.version -> 0.10.1-IV2, file.delete.delay.ms -> 60000, max.message.bytes -> 1000012, min.compaction.lag.ms -> 0, message.timestamp.type -> CreateTime, min.insync.replicas -> 1, segment.jitter.ms -> 0, preallocate -> false, min.cleanable.dirty.ratio -> 0.5, index.interval.bytes -> 4096, unclean.leader.election.enable -> true, retention.bytes -> -1, delete.retention.ms -> 86400000, cleanup.policy -> compact, flush.ms -> 9223372036854775807, segment.ms -> 604800000, segment.bytes -> 104857600, retention.ms -> 604800000, message.timestamp.difference.max.ms -> 9223372036854775807, segment.index.bytes -> 10485760, flush.messages -> 9223372036854775807}. (kafka.log.LogManager)
[2018-08-02 14:11:18,918] INFO Partition [__consumer_offsets,31] on broker 0: No checkpointed highwatermark is found for partition [__consumer_offsets,31] (kafka.cluster.Partition)
[2018-08-02 14:11:18,920] INFO Completed load of log __consumer_offsets-9 with 1 log segments and log end offset 0 in 0 ms (kafka.log.Log)
[2018-08-02 14:11:18,921] INFO Created log for partition [__consumer_offsets,9] in /tmp/kafka-logs with properties {compression.type -> producer, message.format.version -> 0.10.1-IV2, file.delete.delay.ms -> 60000, max.message.bytes -> 1000012, min.compaction.lag.ms -> 0, message.timestamp.type -> CreateTime, min.insync.replicas -> 1, segment.jitter.ms -> 0, preallocate -> false, min.cleanable.dirty.ratio -> 0.5, index.interval.bytes -> 4096, unclean.leader.election.enable -> true, retention.bytes -> -1, delete.retention.ms -> 86400000, cleanup.policy -> compact, flush.ms -> 9223372036854775807, segment.ms -> 604800000, segment.bytes -> 104857600, retention.ms -> 604800000, message.timestamp.difference.max.ms -> 9223372036854775807, segment.index.bytes -> 10485760, flush.messages -> 9223372036854775807}. (kafka.log.LogManager)
[2018-08-02 14:11:18,921] INFO Partition [__consumer_offsets,9] on broker 0: No checkpointed highwatermark is found for partition [__consumer_offsets,9] (kafka.cluster.Partition)
[2018-08-02 14:11:18,924] INFO Completed load of log __consumer_offsets-47 with 1 log segments and log end offset 0 in 1 ms (kafka.log.Log)
[2018-08-02 14:11:18,924] INFO Created log for partition [__consumer_offsets,47] in /tmp/kafka-logs with properties {compression.type -> producer, message.format.version -> 0.10.1-IV2, file.delete.delay.ms -> 60000, max.message.bytes -> 1000012, min.compaction.lag.ms -> 0, message.timestamp.type -> CreateTime, min.insync.replicas -> 1, segment.jitter.ms -> 0, preallocate -> false, min.cleanable.dirty.ratio -> 0.5, index.interval.bytes -> 4096, unclean.leader.election.enable -> true, retention.bytes -> -1, delete.retention.ms -> 86400000, cleanup.policy -> compact, flush.ms -> 9223372036854775807, segment.ms -> 604800000, segment.bytes -> 104857600, retention.ms -> 604800000, message.timestamp.difference.max.ms -> 9223372036854775807, segment.index.bytes -> 10485760, flush.messages -> 9223372036854775807}. (kafka.log.LogManager)
[2018-08-02 14:11:18,925] INFO Partition [__consumer_offsets,47] on broker 0: No checkpointed highwatermark is found for partition [__consumer_offsets,47] (kafka.cluster.Partition)
[2018-08-02 14:11:18,927] INFO Completed load of log __consumer_offsets-19 with 1 log segments and log end offset 0 in 1 ms (kafka.log.Log)
[2018-08-02 14:11:18,928] INFO Created log for partition [__consumer_offsets,19] in /tmp/kafka-logs with properties {compression.type -> producer, message.format.version -> 0.10.1-IV2, file.delete.delay.ms -> 60000, max.message.bytes -> 1000012, min.compaction.lag.ms -> 0, message.timestamp.type -> CreateTime, min.insync.replicas -> 1, segment.jitter.ms -> 0, preallocate -> false, min.cleanable.dirty.ratio -> 0.5, index.interval.bytes -> 4096, unclean.leader.election.enable -> true, retention.bytes -> -1, delete.retention.ms -> 86400000, cleanup.policy -> compact, flush.ms -> 9223372036854775807, segment.ms -> 604800000, segment.bytes -> 104857600, retention.ms -> 604800000, message.timestamp.difference.max.ms -> 9223372036854775807, segment.index.bytes -> 10485760, flush.messages -> 9223372036854775807}. (kafka.log.LogManager)
[2018-08-02 14:11:18,928] INFO Partition [__consumer_offsets,19] on broker 0: No checkpointed highwatermark is found for partition [__consumer_offsets,19] (kafka.cluster.Partition)
[2018-08-02 14:11:18,932] INFO Completed load of log __consumer_offsets-28 with 1 log segments and log end offset 0 in 2 ms (kafka.log.Log)
[2018-08-02 14:11:18,932] INFO Created log for partition [__consumer_offsets,28] in /tmp/kafka-logs with properties {compression.type -> producer, message.format.version -> 0.10.1-IV2, file.delete.delay.ms -> 60000, max.message.bytes -> 1000012, min.compaction.lag.ms -> 0, message.timestamp.type -> CreateTime, min.insync.replicas -> 1, segment.jitter.ms -> 0, preallocate -> false, min.cleanable.dirty.ratio -> 0.5, index.interval.bytes -> 4096, unclean.leader.election.enable -> true, retention.bytes -> -1, delete.retention.ms -> 86400000, cleanup.policy -> compact, flush.ms -> 9223372036854775807, segment.ms -> 604800000, segment.bytes -> 104857600, retention.ms -> 604800000, message.timestamp.difference.max.ms -> 9223372036854775807, segment.index.bytes -> 10485760, flush.messages -> 9223372036854775807}. (kafka.log.LogManager)
[2018-08-02 14:11:18,932] INFO Partition [__consumer_offsets,28] on broker 0: No checkpointed highwatermark is found for partition [__consumer_offsets,28] (kafka.cluster.Partition)
[2018-08-02 14:11:18,935] INFO Completed load of log __consumer_offsets-38 with 1 log segments and log end offset 0 in 1 ms (kafka.log.Log)
[2018-08-02 14:11:18,936] INFO Created log for partition [__consumer_offsets,38] in /tmp/kafka-logs with properties {compression.type -> producer, message.format.version -> 0.10.1-IV2, file.delete.delay.ms -> 60000, max.message.bytes -> 1000012, min.compaction.lag.ms -> 0, message.timestamp.type -> CreateTime, min.insync.replicas -> 1, segment.jitter.ms -> 0, preallocate -> false, min.cleanable.dirty.ratio -> 0.5, index.interval.bytes -> 4096, unclean.leader.election.enable -> true, retention.bytes -> -1, delete.retention.ms -> 86400000, cleanup.policy -> compact, flush.ms -> 9223372036854775807, segment.ms -> 604800000, segment.bytes -> 104857600, retention.ms -> 604800000, message.timestamp.difference.max.ms -> 9223372036854775807, segment.index.bytes -> 10485760, flush.messages -> 9223372036854775807}. (kafka.log.LogManager)
[2018-08-02 14:11:18,936] INFO Partition [__consumer_offsets,38] on broker 0: No checkpointed highwatermark is found for partition [__consumer_offsets,38] (kafka.cluster.Partition)
[2018-08-02 14:11:18,938] INFO Completed load of log __consumer_offsets-35 with 1 log segments and log end offset 0 in 0 ms (kafka.log.Log)
[2018-08-02 14:11:18,939] INFO Created log for partition [__consumer_offsets,35] in /tmp/kafka-logs with properties {compression.type -> producer, message.format.version -> 0.10.1-IV2, file.delete.delay.ms -> 60000, max.message.bytes -> 1000012, min.compaction.lag.ms -> 0, message.timestamp.type -> CreateTime, min.insync.replicas -> 1, segment.jitter.ms -> 0, preallocate -> false, min.cleanable.dirty.ratio -> 0.5, index.interval.bytes -> 4096, unclean.leader.election.enable -> true, retention.bytes -> -1, delete.retention.ms -> 86400000, cleanup.policy -> compact, flush.ms -> 9223372036854775807, segment.ms -> 604800000, segment.bytes -> 104857600, retention.ms -> 604800000, message.timestamp.difference.max.ms -> 9223372036854775807, segment.index.bytes -> 10485760, flush.messages -> 9223372036854775807}. (kafka.log.LogManager)
[2018-08-02 14:11:18,939] INFO Partition [__consumer_offsets,35] on broker 0: No checkpointed highwatermark is found for partition [__consumer_offsets,35] (kafka.cluster.Partition)
[2018-08-02 14:11:18,942] INFO Completed load of log __consumer_offsets-44 with 1 log segments and log end offset 0 in 1 ms (kafka.log.Log)
[2018-08-02 14:11:18,942] INFO Created log for partition [__consumer_offsets,44] in /tmp/kafka-logs with properties {compression.type -> producer, message.format.version -> 0.10.1-IV2, file.delete.delay.ms -> 60000, max.message.bytes -> 1000012, min.compaction.lag.ms -> 0, message.timestamp.type -> CreateTime, min.insync.replicas -> 1, segment.jitter.ms -> 0, preallocate -> false, min.cleanable.dirty.ratio -> 0.5, index.interval.bytes -> 4096, unclean.leader.election.enable -> true, retention.bytes -> -1, delete.retention.ms -> 86400000, cleanup.policy -> compact, flush.ms -> 9223372036854775807, segment.ms -> 604800000, segment.bytes -> 104857600, retention.ms -> 604800000, message.timestamp.difference.max.ms -> 9223372036854775807, segment.index.bytes -> 10485760, flush.messages -> 9223372036854775807}. (kafka.log.LogManager)
[2018-08-02 14:11:18,943] INFO Partition [__consumer_offsets,44] on broker 0: No checkpointed highwatermark is found for partition [__consumer_offsets,44] (kafka.cluster.Partition)
[2018-08-02 14:11:18,945] INFO Completed load of log __consumer_offsets-6 with 1 log segments and log end offset 0 in 1 ms (kafka.log.Log)
[2018-08-02 14:11:18,946] INFO Created log for partition [__consumer_offsets,6] in /tmp/kafka-logs with properties {compression.type -> producer, message.format.version -> 0.10.1-IV2, file.delete.delay.ms -> 60000, max.message.bytes -> 1000012, min.compaction.lag.ms -> 0, message.timestamp.type -> CreateTime, min.insync.replicas -> 1, segment.jitter.ms -> 0, preallocate -> false, min.cleanable.dirty.ratio -> 0.5, index.interval.bytes -> 4096, unclean.leader.election.enable -> true, retention.bytes -> -1, delete.retention.ms -> 86400000, cleanup.policy -> compact, flush.ms -> 9223372036854775807, segment.ms -> 604800000, segment.bytes -> 104857600, retention.ms -> 604800000, message.timestamp.difference.max.ms -> 9223372036854775807, segment.index.bytes -> 10485760, flush.messages -> 9223372036854775807}. (kafka.log.LogManager)
[2018-08-02 14:11:18,946] INFO Partition [__consumer_offsets,6] on broker 0: No checkpointed highwatermark is found for partition [__consumer_offsets,6] (kafka.cluster.Partition)
[2018-08-02 14:11:18,948] INFO Completed load of log __consumer_offsets-25 with 1 log segments and log end offset 0 in 0 ms (kafka.log.Log)
[2018-08-02 14:11:18,949] INFO Created log for partition [__consumer_offsets,25] in /tmp/kafka-logs with properties {compression.type -> producer, message.format.version -> 0.10.1-IV2, file.delete.delay.ms -> 60000, max.message.bytes -> 1000012, min.compaction.lag.ms -> 0, message.timestamp.type -> CreateTime, min.insync.replicas -> 1, segment.jitter.ms -> 0, preallocate -> false, min.cleanable.dirty.ratio -> 0.5, index.interval.bytes -> 4096, unclean.leader.election.enable -> true, retention.bytes -> -1, delete.retention.ms -> 86400000, cleanup.policy -> compact, flush.ms -> 9223372036854775807, segment.ms -> 604800000, segment.bytes -> 104857600, retention.ms -> 604800000, message.timestamp.difference.max.ms -> 9223372036854775807, segment.index.bytes -> 10485760, flush.messages -> 9223372036854775807}. (kafka.log.LogManager)
[2018-08-02 14:11:18,949] INFO Partition [__consumer_offsets,25] on broker 0: No checkpointed highwatermark is found for partition [__consumer_offsets,25] (kafka.cluster.Partition)
[2018-08-02 14:11:18,952] INFO Completed load of log __consumer_offsets-16 with 1 log segments and log end offset 0 in 1 ms (kafka.log.Log)
[2018-08-02 14:11:18,953] INFO Created log for partition [__consumer_offsets,16] in /tmp/kafka-logs with properties {compression.type -> producer, message.format.version -> 0.10.1-IV2, file.delete.delay.ms -> 60000, max.message.bytes -> 1000012, min.compaction.lag.ms -> 0, message.timestamp.type -> CreateTime, min.insync.replicas -> 1, segment.jitter.ms -> 0, preallocate -> false, min.cleanable.dirty.ratio -> 0.5, index.interval.bytes -> 4096, unclean.leader.election.enable -> true, retention.bytes -> -1, delete.retention.ms -> 86400000, cleanup.policy -> compact, flush.ms -> 9223372036854775807, segment.ms -> 604800000, segment.bytes -> 104857600, retention.ms -> 604800000, message.timestamp.difference.max.ms -> 9223372036854775807, segment.index.bytes -> 10485760, flush.messages -> 9223372036854775807}. (kafka.log.LogManager)
[2018-08-02 14:11:18,953] INFO Partition [__consumer_offsets,16] on broker 0: No checkpointed highwatermark is found for partition [__consumer_offsets,16] (kafka.cluster.Partition)
[2018-08-02 14:11:18,955] INFO Completed load of log __consumer_offsets-22 with 1 log segments and log end offset 0 in 0 ms (kafka.log.Log)
[2018-08-02 14:11:18,956] INFO Created log for partition [__consumer_offsets,22] in /tmp/kafka-logs with properties {compression.type -> producer, message.format.version -> 0.10.1-IV2, file.delete.delay.ms -> 60000, max.message.bytes -> 1000012, min.compaction.lag.ms -> 0, message.timestamp.type -> CreateTime, min.insync.replicas -> 1, segment.jitter.ms -> 0, preallocate -> false, min.cleanable.dirty.ratio -> 0.5, index.interval.bytes -> 4096, unclean.leader.election.enable -> true, retention.bytes -> -1, delete.retention.ms -> 86400000, cleanup.policy -> compact, flush.ms -> 9223372036854775807, segment.ms -> 604800000, segment.bytes -> 104857600, retention.ms -> 604800000, message.timestamp.difference.max.ms -> 9223372036854775807, segment.index.bytes -> 10485760, flush.messages -> 9223372036854775807}. (kafka.log.LogManager)
[2018-08-02 14:11:18,956] INFO Partition [__consumer_offsets,22] on broker 0: No checkpointed highwatermark is found for partition [__consumer_offsets,22] (kafka.cluster.Partition)
[2018-08-02 14:11:18,959] INFO Completed load of log __consumer_offsets-41 with 1 log segments and log end offset 0 in 1 ms (kafka.log.Log)
[2018-08-02 14:11:18,959] INFO Created log for partition [__consumer_offsets,41] in /tmp/kafka-logs with properties {compression.type -> producer, message.format.version -> 0.10.1-IV2, file.delete.delay.ms -> 60000, max.message.bytes -> 1000012, min.compaction.lag.ms -> 0, message.timestamp.type -> CreateTime, min.insync.replicas -> 1, segment.jitter.ms -> 0, preallocate -> false, min.cleanable.dirty.ratio -> 0.5, index.interval.bytes -> 4096, unclean.leader.election.enable -> true, retention.bytes -> -1, delete.retention.ms -> 86400000, cleanup.policy -> compact, flush.ms -> 9223372036854775807, segment.ms -> 604800000, segment.bytes -> 104857600, retention.ms -> 604800000, message.timestamp.difference.max.ms -> 9223372036854775807, segment.index.bytes -> 10485760, flush.messages -> 9223372036854775807}. (kafka.log.LogManager)
[2018-08-02 14:11:18,959] INFO Partition [__consumer_offsets,41] on broker 0: No checkpointed highwatermark is found for partition [__consumer_offsets,41] (kafka.cluster.Partition)
[2018-08-02 14:11:18,963] INFO Completed load of log __consumer_offsets-32 with 1 log segments and log end offset 0 in 2 ms (kafka.log.Log)
[2018-08-02 14:11:18,964] INFO Created log for partition [__consumer_offsets,32] in /tmp/kafka-logs with properties {compression.type -> producer, message.format.version -> 0.10.1-IV2, file.delete.delay.ms -> 60000, max.message.bytes -> 1000012, min.compaction.lag.ms -> 0, message.timestamp.type -> CreateTime, min.insync.replicas -> 1, segment.jitter.ms -> 0, preallocate -> false, min.cleanable.dirty.ratio -> 0.5, index.interval.bytes -> 4096, unclean.leader.election.enable -> true, retention.bytes -> -1, delete.retention.ms -> 86400000, cleanup.policy -> compact, flush.ms -> 9223372036854775807, segment.ms -> 604800000, segment.bytes -> 104857600, retention.ms -> 604800000, message.timestamp.difference.max.ms -> 9223372036854775807, segment.index.bytes -> 10485760, flush.messages -> 9223372036854775807}. (kafka.log.LogManager)
[2018-08-02 14:11:18,965] INFO Partition [__consumer_offsets,32] on broker 0: No checkpointed highwatermark is found for partition [__consumer_offsets,32] (kafka.cluster.Partition)
[2018-08-02 14:11:18,968] INFO Completed load of log __consumer_offsets-3 with 1 log segments and log end offset 0 in 0 ms (kafka.log.Log)
[2018-08-02 14:11:18,969] INFO Created log for partition [__consumer_offsets,3] in /tmp/kafka-logs with properties {compression.type -> producer, message.format.version -> 0.10.1-IV2, file.delete.delay.ms -> 60000, max.message.bytes -> 1000012, min.compaction.lag.ms -> 0, message.timestamp.type -> CreateTime, min.insync.replicas -> 1, segment.jitter.ms -> 0, preallocate -> false, min.cleanable.dirty.ratio -> 0.5, index.interval.bytes -> 4096, unclean.leader.election.enable -> true, retention.bytes -> -1, delete.retention.ms -> 86400000, cleanup.policy -> compact, flush.ms -> 9223372036854775807, segment.ms -> 604800000, segment.bytes -> 104857600, retention.ms -> 604800000, message.timestamp.difference.max.ms -> 9223372036854775807, segment.index.bytes -> 10485760, flush.messages -> 9223372036854775807}. (kafka.log.LogManager)
[2018-08-02 14:11:18,969] INFO Partition [__consumer_offsets,3] on broker 0: No checkpointed highwatermark is found for partition [__consumer_offsets,3] (kafka.cluster.Partition)
[2018-08-02 14:11:18,972] INFO Completed load of log __consumer_offsets-13 with 1 log segments and log end offset 0 in 1 ms (kafka.log.Log)
[2018-08-02 14:11:18,972] INFO Created log for partition [__consumer_offsets,13] in /tmp/kafka-logs with properties {compression.type -> producer, message.format.version -> 0.10.1-IV2, file.delete.delay.ms -> 60000, max.message.bytes -> 1000012, min.compaction.lag.ms -> 0, message.timestamp.type -> CreateTime, min.insync.replicas -> 1, segment.jitter.ms -> 0, preallocate -> false, min.cleanable.dirty.ratio -> 0.5, index.interval.bytes -> 4096, unclean.leader.election.enable -> true, retention.bytes -> -1, delete.retention.ms -> 86400000, cleanup.policy -> compact, flush.ms -> 9223372036854775807, segment.ms -> 604800000, segment.bytes -> 104857600, retention.ms -> 604800000, message.timestamp.difference.max.ms -> 9223372036854775807, segment.index.bytes -> 10485760, flush.messages -> 9223372036854775807}. (kafka.log.LogManager)
[2018-08-02 14:11:18,973] INFO Partition [__consumer_offsets,13] on broker 0: No checkpointed highwatermark is found for partition [__consumer_offsets,13] (kafka.cluster.Partition)
[2018-08-02 14:11:18,978] INFO [Group Metadata Manager on Broker 0]: Loading offsets and group metadata from [__consumer_offsets,22] (kafka.coordinator.GroupMetadataManager)
[2018-08-02 14:11:18,986] INFO [Group Metadata Manager on Broker 0]: Finished loading offsets from [__consumer_offsets,22] in 7 milliseconds. (kafka.coordinator.GroupMetadataManager)
[2018-08-02 14:11:18,987] INFO [Group Metadata Manager on Broker 0]: Loading offsets and group metadata from [__consumer_offsets,25] (kafka.coordinator.GroupMetadataManager)
[2018-08-02 14:11:18,990] INFO [Group Metadata Manager on Broker 0]: Finished loading offsets from [__consumer_offsets,25] in 2 milliseconds. (kafka.coordinator.GroupMetadataManager)
[2018-08-02 14:11:18,990] INFO [Group Metadata Manager on Broker 0]: Loading offsets and group metadata from [__consumer_offsets,28] (kafka.coordinator.GroupMetadataManager)
[2018-08-02 14:11:18,992] INFO [Group Metadata Manager on Broker 0]: Finished loading offsets from [__consumer_offsets,28] in 2 milliseconds. (kafka.coordinator.GroupMetadataManager)
[2018-08-02 14:11:18,992] INFO [Group Metadata Manager on Broker 0]: Loading offsets and group metadata from [__consumer_offsets,31] (kafka.coordinator.GroupMetadataManager)
[2018-08-02 14:11:18,996] INFO [Group Metadata Manager on Broker 0]: Finished loading offsets from [__consumer_offsets,31] in 3 milliseconds. (kafka.coordinator.GroupMetadataManager)
[2018-08-02 14:11:18,996] INFO [Group Metadata Manager on Broker 0]: Loading offsets and group metadata from [__consumer_offsets,34] (kafka.coordinator.GroupMetadataManager)
[2018-08-02 14:11:18,998] INFO [Group Metadata Manager on Broker 0]: Finished loading offsets from [__consumer_offsets,34] in 2 milliseconds. (kafka.coordinator.GroupMetadataManager)
[2018-08-02 14:11:18,999] INFO [Group Metadata Manager on Broker 0]: Loading offsets and group metadata from [__consumer_offsets,37] (kafka.coordinator.GroupMetadataManager)
[2018-08-02 14:11:19,001] INFO [Group Metadata Manager on Broker 0]: Finished loading offsets from [__consumer_offsets,37] in 2 milliseconds. (kafka.coordinator.GroupMetadataManager)
[2018-08-02 14:11:19,001] INFO [Group Metadata Manager on Broker 0]: Loading offsets and group metadata from [__consumer_offsets,40] (kafka.coordinator.GroupMetadataManager)
[2018-08-02 14:11:19,005] INFO [Group Metadata Manager on Broker 0]: Finished loading offsets from [__consumer_offsets,40] in 3 milliseconds. (kafka.coordinator.GroupMetadataManager)
[2018-08-02 14:11:19,005] INFO [Group Metadata Manager on Broker 0]: Loading offsets and group metadata from [__consumer_offsets,43] (kafka.coordinator.GroupMetadataManager)
[2018-08-02 14:11:19,007] INFO [Group Metadata Manager on Broker 0]: Finished loading offsets from [__consumer_offsets,43] in 2 milliseconds. (kafka.coordinator.GroupMetadataManager)
[2018-08-02 14:11:19,008] INFO [Group Metadata Manager on Broker 0]: Loading offsets and group metadata from [__consumer_offsets,46] (kafka.coordinator.GroupMetadataManager)
[2018-08-02 14:11:19,011] INFO [Group Metadata Manager on Broker 0]: Finished loading offsets from [__consumer_offsets,46] in 2 milliseconds. (kafka.coordinator.GroupMetadataManager)
[2018-08-02 14:11:19,011] INFO [Group Metadata Manager on Broker 0]: Loading offsets and group metadata from [__consumer_offsets,49] (kafka.coordinator.GroupMetadataManager)
[2018-08-02 14:11:19,013] INFO [Group Metadata Manager on Broker 0]: Finished loading offsets from [__consumer_offsets,49] in 2 milliseconds. (kafka.coordinator.GroupMetadataManager)
[2018-08-02 14:11:19,013] INFO [Group Metadata Manager on Broker 0]: Loading offsets and group metadata from [__consumer_offsets,41] (kafka.coordinator.GroupMetadataManager)
[2018-08-02 14:11:19,016] INFO [Group Metadata Manager on Broker 0]: Finished loading offsets from [__consumer_offsets,41] in 2 milliseconds. (kafka.coordinator.GroupMetadataManager)
[2018-08-02 14:11:19,016] INFO [Group Metadata Manager on Broker 0]: Loading offsets and group metadata from [__consumer_offsets,44] (kafka.coordinator.GroupMetadataManager)
[2018-08-02 14:11:19,020] INFO [Group Metadata Manager on Broker 0]: Finished loading offsets from [__consumer_offsets,44] in 3 milliseconds. (kafka.coordinator.GroupMetadataManager)
[2018-08-02 14:11:19,020] INFO [Group Metadata Manager on Broker 0]: Loading offsets and group metadata from [__consumer_offsets,47] (kafka.coordinator.GroupMetadataManager)
[2018-08-02 14:11:19,023] INFO [Group Metadata Manager on Broker 0]: Finished loading offsets from [__consumer_offsets,47] in 3 milliseconds. (kafka.coordinator.GroupMetadataManager)
[2018-08-02 14:11:19,023] INFO [Group Metadata Manager on Broker 0]: Loading offsets and group metadata from [__consumer_offsets,1] (kafka.coordinator.GroupMetadataManager)
[2018-08-02 14:11:19,026] INFO [Group Metadata Manager on Broker 0]: Finished loading offsets from [__consumer_offsets,1] in 3 milliseconds. (kafka.coordinator.GroupMetadataManager)
[2018-08-02 14:11:19,026] INFO [Group Metadata Manager on Broker 0]: Loading offsets and group metadata from [__consumer_offsets,4] (kafka.coordinator.GroupMetadataManager)
[2018-08-02 14:11:19,029] INFO [Group Metadata Manager on Broker 0]: Finished loading offsets from [__consumer_offsets,4] in 3 milliseconds. (kafka.coordinator.GroupMetadataManager)
[2018-08-02 14:11:19,029] INFO [Group Metadata Manager on Broker 0]: Loading offsets and group metadata from [__consumer_offsets,7] (kafka.coordinator.GroupMetadataManager)
[2018-08-02 14:11:19,032] INFO [Group Metadata Manager on Broker 0]: Finished loading offsets from [__consumer_offsets,7] in 3 milliseconds. (kafka.coordinator.GroupMetadataManager)
[2018-08-02 14:11:19,032] INFO [Group Metadata Manager on Broker 0]: Loading offsets and group metadata from [__consumer_offsets,10] (kafka.coordinator.GroupMetadataManager)
[2018-08-02 14:11:19,035] INFO [Group Metadata Manager on Broker 0]: Finished loading offsets from [__consumer_offsets,10] in 3 milliseconds. (kafka.coordinator.GroupMetadataManager)
[2018-08-02 14:11:19,035] INFO [Group Metadata Manager on Broker 0]: Loading offsets and group metadata from [__consumer_offsets,13] (kafka.coordinator.GroupMetadataManager)
[2018-08-02 14:11:19,038] INFO [Group Metadata Manager on Broker 0]: Finished loading offsets from [__consumer_offsets,13] in 3 milliseconds. (kafka.coordinator.GroupMetadataManager)
[2018-08-02 14:11:19,038] INFO [Group Metadata Manager on Broker 0]: Loading offsets and group metadata from [__consumer_offsets,16] (kafka.coordinator.GroupMetadataManager)
[2018-08-02 14:11:19,041] INFO [Group Metadata Manager on Broker 0]: Finished loading offsets from [__consumer_offsets,16] in 3 milliseconds. (kafka.coordinator.GroupMetadataManager)
[2018-08-02 14:11:19,041] INFO [Group Metadata Manager on Broker 0]: Loading offsets and group metadata from [__consumer_offsets,19] (kafka.coordinator.GroupMetadataManager)
[2018-08-02 14:11:19,044] INFO [Group Metadata Manager on Broker 0]: Finished loading offsets from [__consumer_offsets,19] in 3 milliseconds. (kafka.coordinator.GroupMetadataManager)
[2018-08-02 14:11:19,044] INFO [Group Metadata Manager on Broker 0]: Loading offsets and group metadata from [__consumer_offsets,2] (kafka.coordinator.GroupMetadataManager)
[2018-08-02 14:11:19,047] INFO [Group Metadata Manager on Broker 0]: Finished loading offsets from [__consumer_offsets,2] in 3 milliseconds. (kafka.coordinator.GroupMetadataManager)
[2018-08-02 14:11:19,047] INFO [Group Metadata Manager on Broker 0]: Loading offsets and group metadata from [__consumer_offsets,5] (kafka.coordinator.GroupMetadataManager)
[2018-08-02 14:11:19,050] INFO [Group Metadata Manager on Broker 0]: Finished loading offsets from [__consumer_offsets,5] in 3 milliseconds. (kafka.coordinator.GroupMetadataManager)
[2018-08-02 14:11:19,051] INFO [Group Metadata Manager on Broker 0]: Loading offsets and group metadata from [__consumer_offsets,8] (kafka.coordinator.GroupMetadataManager)
[2018-08-02 14:11:19,054] INFO [Group Metadata Manager on Broker 0]: Finished loading offsets from [__consumer_offsets,8] in 3 milliseconds. (kafka.coordinator.GroupMetadataManager)
[2018-08-02 14:11:19,054] INFO [Group Metadata Manager on Broker 0]: Loading offsets and group metadata from [__consumer_offsets,11] (kafka.coordinator.GroupMetadataManager)
[2018-08-02 14:11:19,057] INFO [Group Metadata Manager on Broker 0]: Finished loading offsets from [__consumer_offsets,11] in 3 milliseconds. (kafka.coordinator.GroupMetadataManager)
[2018-08-02 14:11:19,058] INFO [Group Metadata Manager on Broker 0]: Loading offsets and group metadata from [__consumer_offsets,14] (kafka.coordinator.GroupMetadataManager)
[2018-08-02 14:11:19,083] INFO [Group Metadata Manager on Broker 0]: Finished loading offsets from [__consumer_offsets,14] in 25 milliseconds. (kafka.coordinator.GroupMetadataManager)
[2018-08-02 14:11:19,083] INFO [Group Metadata Manager on Broker 0]: Loading offsets and group metadata from [__consumer_offsets,17] (kafka.coordinator.GroupMetadataManager)
[2018-08-02 14:11:19,093] INFO [GroupCoordinator 0]: Preparing to restabilize group console-consumer-35096 with old generation 0 (kafka.coordinator.GroupCoordinator)
[2018-08-02 14:11:19,098] INFO [GroupCoordinator 0]: Stabilized group console-consumer-35096 generation 1 (kafka.coordinator.GroupCoordinator)
[2018-08-02 14:11:19,123] INFO [Group Metadata Manager on Broker 0]: Finished loading offsets from [__consumer_offsets,17] in 40 milliseconds. (kafka.coordinator.GroupMetadataManager)
[2018-08-02 14:11:19,123] INFO [Group Metadata Manager on Broker 0]: Loading offsets and group metadata from [__consumer_offsets,20] (kafka.coordinator.GroupMetadataManager)
[2018-08-02 14:11:19,151] INFO [Group Metadata Manager on Broker 0]: Finished loading offsets from [__consumer_offsets,20] in 28 milliseconds. (kafka.coordinator.GroupMetadataManager)
[2018-08-02 14:11:19,151] INFO [Group Metadata Manager on Broker 0]: Loading offsets and group metadata from [__consumer_offsets,23] (kafka.coordinator.GroupMetadataManager)
[2018-08-02 14:11:19,152] INFO [GroupCoordinator 0]: Assignment received from leader for group console-consumer-35096 for generation 1 (kafka.coordinator.GroupCoordinator)
[2018-08-02 14:11:19,183] INFO [Group Metadata Manager on Broker 0]: Finished loading offsets from [__consumer_offsets,23] in 32 milliseconds. (kafka.coordinator.GroupMetadataManager)
[2018-08-02 14:11:19,183] INFO [Group Metadata Manager on Broker 0]: Loading offsets and group metadata from [__consumer_offsets,26] (kafka.coordinator.GroupMetadataManager)
[2018-08-02 14:11:19,198] INFO [Group Metadata Manager on Broker 0]: Finished loading offsets from [__consumer_offsets,26] in 15 milliseconds. (kafka.coordinator.GroupMetadataManager)
[2018-08-02 14:11:19,198] INFO [Group Metadata Manager on Broker 0]: Loading offsets and group metadata from [__consumer_offsets,29] (kafka.coordinator.GroupMetadataManager)
[2018-08-02 14:11:19,201] INFO [Group Metadata Manager on Broker 0]: Finished loading offsets from [__consumer_offsets,29] in 3 milliseconds. (kafka.coordinator.GroupMetadataManager)
[2018-08-02 14:11:19,201] INFO [Group Metadata Manager on Broker 0]: Loading offsets and group metadata from [__consumer_offsets,32] (kafka.coordinator.GroupMetadataManager)
[2018-08-02 14:11:19,204] INFO [Group Metadata Manager on Broker 0]: Finished loading offsets from [__consumer_offsets,32] in 3 milliseconds. (kafka.coordinator.GroupMetadataManager)
[2018-08-02 14:11:19,204] INFO [Group Metadata Manager on Broker 0]: Loading offsets and group metadata from [__consumer_offsets,35] (kafka.coordinator.GroupMetadataManager)
[2018-08-02 14:11:19,207] INFO [Group Metadata Manager on Broker 0]: Finished loading offsets from [__consumer_offsets,35] in 3 milliseconds. (kafka.coordinator.GroupMetadataManager)
[2018-08-02 14:11:19,207] INFO [Group Metadata Manager on Broker 0]: Loading offsets and group metadata from [__consumer_offsets,38] (kafka.coordinator.GroupMetadataManager)
[2018-08-02 14:11:19,210] INFO [Group Metadata Manager on Broker 0]: Finished loading offsets from [__consumer_offsets,38] in 3 milliseconds. (kafka.coordinator.GroupMetadataManager)
[2018-08-02 14:11:19,210] INFO [Group Metadata Manager on Broker 0]: Loading offsets and group metadata from [__consumer_offsets,0] (kafka.coordinator.GroupMetadataManager)
[2018-08-02 14:11:19,213] INFO [Group Metadata Manager on Broker 0]: Finished loading offsets from [__consumer_offsets,0] in 3 milliseconds. (kafka.coordinator.GroupMetadataManager)
[2018-08-02 14:11:19,213] INFO [Group Metadata Manager on Broker 0]: Loading offsets and group metadata from [__consumer_offsets,3] (kafka.coordinator.GroupMetadataManager)
[2018-08-02 14:11:19,216] INFO [Group Metadata Manager on Broker 0]: Finished loading offsets from [__consumer_offsets,3] in 3 milliseconds. (kafka.coordinator.GroupMetadataManager)
[2018-08-02 14:11:19,216] INFO [Group Metadata Manager on Broker 0]: Loading offsets and group metadata from [__consumer_offsets,6] (kafka.coordinator.GroupMetadataManager)
[2018-08-02 14:11:19,220] INFO [Group Metadata Manager on Broker 0]: Finished loading offsets from [__consumer_offsets,6] in 4 milliseconds. (kafka.coordinator.GroupMetadataManager)
[2018-08-02 14:11:19,220] INFO [Group Metadata Manager on Broker 0]: Loading offsets and group metadata from [__consumer_offsets,9] (kafka.coordinator.GroupMetadataManager)
[2018-08-02 14:11:19,223] INFO [Group Metadata Manager on Broker 0]: Finished loading offsets from [__consumer_offsets,9] in 2 milliseconds. (kafka.coordinator.GroupMetadataManager)
[2018-08-02 14:11:19,223] INFO [Group Metadata Manager on Broker 0]: Loading offsets and group metadata from [__consumer_offsets,12] (kafka.coordinator.GroupMetadataManager)
[2018-08-02 14:11:19,227] INFO [Group Metadata Manager on Broker 0]: Finished loading offsets from [__consumer_offsets,12] in 4 milliseconds. (kafka.coordinator.GroupMetadataManager)
[2018-08-02 14:11:19,228] INFO [Group Metadata Manager on Broker 0]: Loading offsets and group metadata from [__consumer_offsets,15] (kafka.coordinator.GroupMetadataManager)
[2018-08-02 14:11:19,230] INFO [Group Metadata Manager on Broker 0]: Finished loading offsets from [__consumer_offsets,15] in 1 milliseconds. (kafka.coordinator.GroupMetadataManager)
[2018-08-02 14:11:19,230] INFO [Group Metadata Manager on Broker 0]: Loading offsets and group metadata from [__consumer_offsets,18] (kafka.coordinator.GroupMetadataManager)
[2018-08-02 14:11:19,231] INFO [Group Metadata Manager on Broker 0]: Finished loading offsets from [__consumer_offsets,18] in 1 milliseconds. (kafka.coordinator.GroupMetadataManager)
[2018-08-02 14:11:19,231] INFO [Group Metadata Manager on Broker 0]: Loading offsets and group metadata from [__consumer_offsets,21] (kafka.coordinator.GroupMetadataManager)
[2018-08-02 14:11:19,232] INFO [Group Metadata Manager on Broker 0]: Finished loading offsets from [__consumer_offsets,21] in 1 milliseconds. (kafka.coordinator.GroupMetadataManager)
[2018-08-02 14:11:19,232] INFO [Group Metadata Manager on Broker 0]: Loading offsets and group metadata from [__consumer_offsets,24] (kafka.coordinator.GroupMetadataManager)
[2018-08-02 14:11:19,233] INFO [Group Metadata Manager on Broker 0]: Finished loading offsets from [__consumer_offsets,24] in 1 milliseconds. (kafka.coordinator.GroupMetadataManager)
[2018-08-02 14:11:19,233] INFO [Group Metadata Manager on Broker 0]: Loading offsets and group metadata from [__consumer_offsets,27] (kafka.coordinator.GroupMetadataManager)
[2018-08-02 14:11:19,235] INFO [Group Metadata Manager on Broker 0]: Finished loading offsets from [__consumer_offsets,27] in 2 milliseconds. (kafka.coordinator.GroupMetadataManager)
[2018-08-02 14:11:19,235] INFO [Group Metadata Manager on Broker 0]: Loading offsets and group metadata from [__consumer_offsets,30] (kafka.coordinator.GroupMetadataManager)
[2018-08-02 14:11:19,236] INFO [Group Metadata Manager on Broker 0]: Finished loading offsets from [__consumer_offsets,30] in 1 milliseconds. (kafka.coordinator.GroupMetadataManager)
[2018-08-02 14:11:19,236] INFO [Group Metadata Manager on Broker 0]: Loading offsets and group metadata from [__consumer_offsets,33] (kafka.coordinator.GroupMetadataManager)
[2018-08-02 14:11:19,243] INFO [Group Metadata Manager on Broker 0]: Finished loading offsets from [__consumer_offsets,33] in 7 milliseconds. (kafka.coordinator.GroupMetadataManager)
[2018-08-02 14:11:19,243] INFO [Group Metadata Manager on Broker 0]: Loading offsets and group metadata from [__consumer_offsets,36] (kafka.coordinator.GroupMetadataManager)
[2018-08-02 14:11:19,245] INFO [Group Metadata Manager on Broker 0]: Finished loading offsets from [__consumer_offsets,36] in 2 milliseconds. (kafka.coordinator.GroupMetadataManager)
[2018-08-02 14:11:19,245] INFO [Group Metadata Manager on Broker 0]: Loading offsets and group metadata from [__consumer_offsets,39] (kafka.coordinator.GroupMetadataManager)
[2018-08-02 14:11:19,246] INFO [Group Metadata Manager on Broker 0]: Finished loading offsets from [__consumer_offsets,39] in 1 milliseconds. (kafka.coordinator.GroupMetadataManager)
[2018-08-02 14:11:19,246] INFO [Group Metadata Manager on Broker 0]: Loading offsets and group metadata from [__consumer_offsets,42] (kafka.coordinator.GroupMetadataManager)
[2018-08-02 14:11:19,247] INFO [Group Metadata Manager on Broker 0]: Finished loading offsets from [__consumer_offsets,42] in 1 milliseconds. (kafka.coordinator.GroupMetadataManager)
[2018-08-02 14:11:19,247] INFO [Group Metadata Manager on Broker 0]: Loading offsets and group metadata from [__consumer_offsets,45] (kafka.coordinator.GroupMetadataManager)
[2018-08-02 14:11:19,249] INFO [Group Metadata Manager on Broker 0]: Finished loading offsets from [__consumer_offsets,45] in 1 milliseconds. (kafka.coordinator.GroupMetadataManager)
[2018-08-02 14:11:19,249] INFO [Group Metadata Manager on Broker 0]: Loading offsets and group metadata from [__consumer_offsets,48] (kafka.coordinator.GroupMetadataManager)
[2018-08-02 14:11:19,250] INFO [Group Metadata Manager on Broker 0]: Finished loading offsets from [__consumer_offsets,48] in 1 milliseconds. (kafka.coordinator.GroupMetadataManager)
[2018-08-02 14:12:27,825] INFO [GroupCoordinator 0]: Preparing to restabilize group console-consumer-35096 with old generation 1 (kafka.coordinator.GroupCoordinator)
[2018-08-02 14:12:27,826] INFO [GroupCoordinator 0]: Group console-consumer-35096 with generation 2 is now empty (kafka.coordinator.GroupCoordinator)
[2018-08-02 14:12:43,188] INFO [GroupCoordinator 0]: Preparing to restabilize group console-consumer-59896 with old generation 0 (kafka.coordinator.GroupCoordinator)
[2018-08-02 14:12:43,188] INFO [GroupCoordinator 0]: Stabilized group console-consumer-59896 generation 1 (kafka.coordinator.GroupCoordinator)
[2018-08-02 14:12:43,190] INFO [GroupCoordinator 0]: Assignment received from leader for group console-consumer-59896 for generation 1 (kafka.coordinator.GroupCoordinator)
[2018-08-02 14:16:50,153] INFO [GroupCoordinator 0]: Preparing to restabilize group console-consumer-59896 with old generation 1 (kafka.coordinator.GroupCoordinator)
[2018-08-02 14:16:50,157] INFO [GroupCoordinator 0]: Group console-consumer-59896 with generation 2 is now empty (kafka.coordinator.GroupCoordinator)
[2018-08-02 14:17:53,941] INFO [Group Metadata Manager on Broker 0]: Removed 0 expired offsets in 5 milliseconds. (kafka.coordinator.GroupMetadataManager)
[2018-08-02 14:17:54,439] INFO [GroupCoordinator 0]: Preparing to restabilize group console-consumer-27352 with old generation 0 (kafka.coordinator.GroupCoordinator)
[2018-08-02 14:17:54,439] INFO [GroupCoordinator 0]: Stabilized group console-consumer-27352 generation 1 (kafka.coordinator.GroupCoordinator)
[2018-08-02 14:17:54,441] INFO [GroupCoordinator 0]: Assignment received from leader for group console-consumer-27352 for generation 1 (kafka.coordinator.GroupCoordinator)
[2018-08-02 14:18:36,568] INFO [GroupCoordinator 0]: Preparing to restabilize group console-consumer-27352 with old generation 1 (kafka.coordinator.GroupCoordinator)
[2018-08-02 14:18:36,568] INFO [GroupCoordinator 0]: Group console-consumer-27352 with generation 2 is now empty (kafka.coordinator.GroupCoordinator)
[2018-08-02 14:18:39,101] INFO [Kafka Server 0], shutting down (kafka.server.KafkaServer)
[2018-08-02 14:18:39,102] INFO [Kafka Server 0], Starting controlled shutdown (kafka.server.KafkaServer)
[2018-08-02 14:18:39,117] INFO [Kafka Server 0], Controlled shutdown succeeded (kafka.server.KafkaServer)
[2018-08-02 14:18:39,119] INFO [Socket Server on Broker 0], Shutting down (kafka.network.SocketServer)
[2018-08-02 14:18:39,124] INFO [Socket Server on Broker 0], Shutdown completed (kafka.network.SocketServer)
[2018-08-02 14:18:39,124] INFO [Kafka Request Handler on Broker 0], shutting down (kafka.server.KafkaRequestHandlerPool)
[2018-08-02 14:18:39,125] INFO [Kafka Request Handler on Broker 0], shut down completely (kafka.server.KafkaRequestHandlerPool)
[2018-08-02 14:18:39,127] INFO [ThrottledRequestReaper-Fetch], Shutting down (kafka.server.ClientQuotaManager$ThrottledRequestReaper)
[2018-08-02 14:18:39,353] INFO [ThrottledRequestReaper-Fetch], Stopped  (kafka.server.ClientQuotaManager$ThrottledRequestReaper)
[2018-08-02 14:18:39,353] INFO [ThrottledRequestReaper-Fetch], Shutdown completed (kafka.server.ClientQuotaManager$ThrottledRequestReaper)
[2018-08-02 14:18:39,353] INFO [ThrottledRequestReaper-Produce], Shutting down (kafka.server.ClientQuotaManager$ThrottledRequestReaper)
[2018-08-02 14:18:40,355] INFO [ThrottledRequestReaper-Produce], Stopped  (kafka.server.ClientQuotaManager$ThrottledRequestReaper)
[2018-08-02 14:18:40,355] INFO [ThrottledRequestReaper-Produce], Shutdown completed (kafka.server.ClientQuotaManager$ThrottledRequestReaper)
[2018-08-02 14:18:40,360] INFO [KafkaApi-0] Shutdown complete. (kafka.server.KafkaApis)
[2018-08-02 14:18:40,360] INFO [Replica Manager on Broker 0]: Shutting down (kafka.server.ReplicaManager)
[2018-08-02 14:18:40,361] INFO [ReplicaFetcherManager on broker 0] shutting down (kafka.server.ReplicaFetcherManager)
[2018-08-02 14:18:40,361] INFO [ReplicaFetcherManager on broker 0] shutdown completed (kafka.server.ReplicaFetcherManager)
[2018-08-02 14:18:40,361] INFO [ExpirationReaper-0], Shutting down (kafka.server.DelayedOperationPurgatory$ExpiredOperationReaper)
[2018-08-02 14:18:40,558] INFO [ExpirationReaper-0], Stopped  (kafka.server.DelayedOperationPurgatory$ExpiredOperationReaper)
[2018-08-02 14:18:40,558] INFO [ExpirationReaper-0], Shutdown completed (kafka.server.DelayedOperationPurgatory$ExpiredOperationReaper)
[2018-08-02 14:18:40,559] INFO [ExpirationReaper-0], Shutting down (kafka.server.DelayedOperationPurgatory$ExpiredOperationReaper)
[2018-08-02 14:18:40,695] INFO [ExpirationReaper-0], Stopped  (kafka.server.DelayedOperationPurgatory$ExpiredOperationReaper)
[2018-08-02 14:18:40,695] INFO [ExpirationReaper-0], Shutdown completed (kafka.server.DelayedOperationPurgatory$ExpiredOperationReaper)
[2018-08-02 14:18:40,705] INFO [Replica Manager on Broker 0]: Shut down completely (kafka.server.ReplicaManager)
[2018-08-02 14:18:40,705] INFO [ExpirationReaper-0], Shutting down (kafka.server.DelayedOperationPurgatory$ExpiredOperationReaper)
[2018-08-02 14:18:40,760] INFO [ExpirationReaper-0], Shutdown completed (kafka.server.DelayedOperationPurgatory$ExpiredOperationReaper)
[2018-08-02 14:18:40,760] INFO [ExpirationReaper-0], Stopped  (kafka.server.DelayedOperationPurgatory$ExpiredOperationReaper)
[2018-08-02 14:18:40,761] INFO Shutting down. (kafka.log.LogManager)
[2018-08-02 14:18:40,804] INFO Shutdown complete. (kafka.log.LogManager)
[2018-08-02 14:18:40,804] INFO [GroupCoordinator 0]: Shutting down. (kafka.coordinator.GroupCoordinator)
[2018-08-02 14:18:40,805] INFO [ExpirationReaper-0], Shutting down (kafka.server.DelayedOperationPurgatory$ExpiredOperationReaper)
[2018-08-02 14:18:40,828] INFO [ExpirationReaper-0], Stopped  (kafka.server.DelayedOperationPurgatory$ExpiredOperationReaper)
[2018-08-02 14:18:40,828] INFO [ExpirationReaper-0], Shutdown completed (kafka.server.DelayedOperationPurgatory$ExpiredOperationReaper)
[2018-08-02 14:18:40,828] INFO [ExpirationReaper-0], Shutting down (kafka.server.DelayedOperationPurgatory$ExpiredOperationReaper)
[2018-08-02 14:18:40,955] INFO [ExpirationReaper-0], Stopped  (kafka.server.DelayedOperationPurgatory$ExpiredOperationReaper)
[2018-08-02 14:18:40,955] INFO [ExpirationReaper-0], Shutdown completed (kafka.server.DelayedOperationPurgatory$ExpiredOperationReaper)
[2018-08-02 14:18:40,955] INFO [GroupCoordinator 0]: Shutdown complete. (kafka.coordinator.GroupCoordinator)
[2018-08-02 14:18:41,620] INFO [Kafka Server 0], shut down completed (kafka.server.KafkaServer)
